<html xmlns:lxslt="http://xml.apache.org/xslt" xmlns:stringutils="xalan://org.apache.tools.ant.util.StringUtils">
<head>
<META http-equiv="Content-Type" content="text/html; charset=UTF-8">
<title>Unit Test Results: SuiteRunner.runTestSuite</title>
<link rel="stylesheet" type="text/css" title="Style" href="../stylesheet.css">
<script type="text/javascript" language="JavaScript">
        var TestCases = new Array();
        var cur;
        
    cur = TestCases['SuiteRunner.runTestSuite'] = new Array();
    
        cur['ant.core.lib'] = '/usr/share/ant/lib/ant.jar';
    
        cur['ant.file'] = '/Volumes/Ankit/ComcastAutomation_Regression/build.xml';
    
        cur['ant.file.Selenium_Web_Driver'] = '/Volumes/Ankit/ComcastAutomation_Regression/build.xml';
    
        cur['ant.file.type'] = 'file';
    
        cur['ant.file.type.Selenium_Web_Driver'] = 'file';
    
        cur['ant.home'] = '/usr/share/ant';
    
        cur['ant.java.version'] = '1.6';
    
        cur['ant.library.dir'] = '/usr/share/ant/lib';
    
        cur['ant.project.default-target'] = 'build';
    
        cur['ant.project.invoked-targets'] = 'runATFRegression';
    
        cur['ant.project.name'] = 'Selenium_Web_Driver';
    
        cur['ant.version'] = 'Apache Ant(TM) version 1.8.2 compiled on June 3 2011';
    
        cur['awt.nativeDoubleBuffering'] = 'true';
    
        cur['awt.toolkit'] = 'apple.awt.CToolkit';
    
        cur['basedir'] = '/Volumes/Ankit/ComcastAutomation_Regression';
    
        cur['debuglevel'] = 'source,lines,vars';
    
        cur['env.__array_start'] = '0';
    
        cur['env.__CF_USER_TEXT_ENCODING'] = '0x1F5:0:0';
    
        cur['env._first'] = '0';
    
        cur['env._second'] = '1';
    
        cur['env.Apple_PubSub_Socket_Render'] = '/tmp/launch-Xp1WpD/Render';
    
        cur['env.Apple_Ubiquity_Message'] = '/tmp/launch-RhMxj9/Apple_Ubiquity_Message';
    
        cur['env.BUILD_DISPLAY_NAME'] = '#3';
    
        cur['env.BUILD_ID'] = '2013-05-09_20-08-41';
    
        cur['env.BUILD_NUMBER'] = '3';
    
        cur['env.BUILD_TAG'] = 'jenkins-Comcast TestSuit-3';
    
        cur['env.com.apple.java.jvmMode'] = 'client';
    
        cur['env.com.apple.java.jvmTask'] = 'CommandLine.java.java';
    
        cur['env.COMMAND_MODE'] = 'unix2003';
    
        cur['env.DISPLAY'] = '/tmp/launch-KD2sfv/org.x:0';
    
        cur['env.escape_flag'] = '1';
    
        cur['env.EXECUTOR_NUMBER'] = '1';
    
        cur['env.GEM_HOME'] = '/usr/local/rvm/gems/ruby-1.9.3-p392@rails3tutorial';
    
        cur['env.GEM_PATH'] = '/usr/local/rvm/gems/ruby-1.9.3-p392@rails3tutorial:/usr/local/rvm/gems/ruby-1.9.3-p392@global';
    
        cur['env.HOME'] = '/Users/Valtech';
    
        cur['env.HUDSON_COOKIE'] = '1cabea10-4a4d-4c7f-a7e1-446b7bbb20b7';
    
        cur['env.HUDSON_HOME'] = '/Users/Valtech/.jenkins';
    
        cur['env.HUDSON_SERVER_COOKIE'] = '2951049d29589bf3';
    
        cur['env.IRBRC'] = '/usr/local/rvm/rubies/ruby-1.9.3-p392/.irbrc';
    
        cur['env.JAVA_ARCH'] = 'x86_64';
    
        cur['env.JAVA_MAIN_CLASS_358'] = 'Main';
    
        cur['env.JAVA_MAIN_CLASS_890'] = 'org.apache.tools.ant.launch.Launcher';
    
        cur['env.JENKINS_HOME'] = '/Users/Valtech/.jenkins';
    
        cur['env.JENKINS_SERVER_COOKIE'] = '2951049d29589bf3';
    
        cur['env.JOB_NAME'] = 'Comcast TestSuit';
    
        cur['env.LANG'] = 'en_US.UTF-8';
    
        cur['env.LOGNAME'] = 'Valtech';
    
        cur['env.MY_RUBY_HOME'] = '/usr/local/rvm/rubies/ruby-1.9.3-p392';
    
        cur['env.NODE_LABELS'] = 'master';
    
        cur['env.NODE_NAME'] = 'master';
    
        cur['env.PATH'] = '/usr/local/rvm/gems/ruby-1.9.3-p392@rails3tutorial/bin:/usr/local/rvm/gems/ruby-1.9.3-p392@global/bin:/usr/local/rvm/rubies/ruby-1.9.3-p392/bin:/usr/local/rvm/bin:/usr/bin:/bin:/usr/sbin:/sbin:/usr/local/bin:/usr/X11/bin:/opt/sm/bin:/opt/sm/pkg/active/bin:/opt/sm/pkg/active/sbin';
    
        cur['env.PWD'] = '/Volumes/Ankit/ComcastAutomation_Regression';
    
        cur['env.RUBY_VERSION'] = 'ruby-1.9.3-p392';
    
        cur['env.rvm_bin_path'] = '/usr/local/rvm/bin';
    
        cur['env.rvm_debug_clr'] = '[35m';
    
        cur['env.rvm_env_string'] = 'ruby-1.9.3-p392@rails3tutorial';
    
        cur['env.rvm_error_clr'] = '[31m';
    
        cur['env.rvm_notify_clr'] = '[32m';
    
        cur['env.rvm_path'] = '/usr/local/rvm';
    
        cur['env.rvm_prefix'] = '/usr/local';
    
        cur['env.rvm_reset_clr'] = '(B[m';
    
        cur['env.rvm_ruby_string'] = 'ruby-1.9.3-p392';
    
        cur['env.rvm_version'] = '1.18.10 (master)';
    
        cur['env.rvm_warn_clr'] = '[33m';
    
        cur['env.SHELL'] = '/bin/bash';
    
        cur['env.SHLVL'] = '2';
    
        cur['env.SSH_AUTH_SOCK'] = '/tmp/launch-QL4Zqz/Listeners';
    
        cur['env.TERM'] = 'xterm-256color';
    
        cur['env.TERM_PROGRAM'] = 'Apple_Terminal';
    
        cur['env.TERM_PROGRAM_VERSION'] = '303.2';
    
        cur['env.TERM_SESSION_ID'] = '32B760A0-95EC-4A13-BB58-847F7917DEDE';
    
        cur['env.TMPDIR'] = '/var/folders/wv/kv98qhfj6v36b2h0fkf_l66w0000gn/T/';
    
        cur['env.USER'] = 'Valtech';
    
        cur['env.WORKSPACE'] = '/Volumes/Ankit/ComcastAutomation_Regression';
    
        cur['file.encoding'] = 'MacRoman';
    
        cur['file.encoding.pkg'] = 'sun.io';
    
        cur['file.separator'] = '/';
    
        cur['ftp.nonProxyHosts'] = 'local|*.local|169.254/16|*.169.254/16';
    
        cur['gopherProxySet'] = 'false';
    
        cur['http.nonProxyHosts'] = 'local|*.local|169.254/16|*.169.254/16';
    
        cur['java.awt.graphicsenv'] = 'apple.awt.CGraphicsEnvironment';
    
        cur['java.awt.printerjob'] = 'apple.awt.CPrinterJob';
    
        cur['java.class.path'] = '/Volumes/Ankit/ComcastAutomation_Regression/bin:/Volumes/Ankit/ComcastAutomation/Jars/selenium-server-standalone-2.32.0.jar:/usr/share/java/ant-1.8.2/lib/ant-launcher.jar:/usr/share/ant/lib/ant.jar:/usr/share/ant/lib/ant-junit.jar:/usr/share/ant/lib/ant-junit4.jar';
    
        cur['java.class.version'] = '50.0';
    
        cur['java.endorsed.dirs'] = '/System/Library/Java/JavaVirtualMachines/1.6.0.jdk/Contents/Home/lib/endorsed';
    
        cur['java.ext.dirs'] = '/Library/Java/Extensions:/System/Library/Java/Extensions:/System/Library/Java/JavaVirtualMachines/1.6.0.jdk/Contents/Home/lib/ext';
    
        cur['java.home'] = '/System/Library/Java/JavaVirtualMachines/1.6.0.jdk/Contents/Home';
    
        cur['java.io.tmpdir'] = '/var/folders/wv/kv98qhfj6v36b2h0fkf_l66w0000gn/T/';
    
        cur['java.library.path'] = '.:/Library/Java/Extensions:/System/Library/Java/Extensions:/usr/lib/java';
    
        cur['java.runtime.name'] = 'Java(TM) SE Runtime Environment';
    
        cur['java.runtime.version'] = '1.6.0_45-b06-451-11M4406';
    
        cur['java.specification.name'] = 'Java Platform API Specification';
    
        cur['java.specification.vendor'] = 'Sun Microsystems Inc.';
    
        cur['java.specification.version'] = '1.6';
    
        cur['java.vendor'] = 'Apple Inc.';
    
        cur['java.vendor.url'] = 'http://www.apple.com/';
    
        cur['java.vendor.url.bug'] = 'http://bugreport.apple.com/';
    
        cur['java.version'] = '1.6.0_45';
    
        cur['java.vm.info'] = 'mixed mode';
    
        cur['java.vm.name'] = 'Java HotSpot(TM) 64-Bit Server VM';
    
        cur['java.vm.specification.name'] = 'Java Virtual Machine Specification';
    
        cur['java.vm.specification.vendor'] = 'Sun Microsystems Inc.';
    
        cur['java.vm.specification.version'] = '1.0';
    
        cur['java.vm.vendor'] = 'Apple Inc.';
    
        cur['java.vm.version'] = '20.45-b01-451';
    
        cur['jikes.class.path'] = ':/System/Library/Java/JavaVirtualMachines/1.6.0.jdk/Contents/Home/../Classes/alt-rt.jar:/System/Library/Java/JavaVirtualMachines/1.6.0.jdk/Contents/Home/../Classes/alt-string.jar:/System/Library/Java/JavaVirtualMachines/1.6.0.jdk/Contents/Home/../Classes/charsets.jar:/System/Library/Java/JavaVirtualMachines/1.6.0.jdk/Contents/Home/../Classes/classes.jar:/System/Library/Java/JavaVirtualMachines/1.6.0.jdk/Contents/Home/../Classes/dt.jar:/System/Library/Java/JavaVirtualMachines/1.6.0.jdk/Contents/Home/../Classes/jce.jar:/System/Library/Java/JavaVirtualMachines/1.6.0.jdk/Contents/Home/../Classes/jconsole.jar:/System/Library/Java/JavaVirtualMachines/1.6.0.jdk/Contents/Home/../Classes/jsse.jar:/System/Library/Java/JavaVirtualMachines/1.6.0.jdk/Contents/Home/../Classes/management-agent.jar:/System/Library/Java/JavaVirtualMachines/1.6.0.jdk/Contents/Home/../Classes/ui.jar';
    
        cur['junit.output.dir'] = 'junit';
    
        cur['line.separator'] = '
';
    
        cur['mrj.build'] = '11M4406';
    
        cur['mrj.version'] = '1070.1.6.0_45-451';
    
        cur['os.arch'] = 'x86_64';
    
        cur['os.name'] = 'Mac OS X';
    
        cur['os.version'] = '10.7.5';
    
        cur['path.separator'] = ':';
    
        cur['socksNonProxyHosts'] = 'local|*.local|169.254/16|*.169.254/16';
    
        cur['source'] = '1.6';
    
        cur['sun.arch.data.model'] = '64';
    
        cur['sun.boot.class.path'] = '/System/Library/Java/JavaVirtualMachines/1.6.0.jdk/Contents/Classes/jsfd.jar:/System/Library/Java/JavaVirtualMachines/1.6.0.jdk/Contents/Classes/classes.jar:/System/Library/Frameworks/JavaVM.framework/Frameworks/JavaRuntimeSupport.framework/Resources/Java/JavaRuntimeSupport.jar:/System/Library/Java/JavaVirtualMachines/1.6.0.jdk/Contents/Classes/ui.jar:/System/Library/Java/JavaVirtualMachines/1.6.0.jdk/Contents/Classes/laf.jar:/System/Library/Java/JavaVirtualMachines/1.6.0.jdk/Contents/Classes/sunrsasign.jar:/System/Library/Java/JavaVirtualMachines/1.6.0.jdk/Contents/Classes/jsse.jar:/System/Library/Java/JavaVirtualMachines/1.6.0.jdk/Contents/Classes/jce.jar:/System/Library/Java/JavaVirtualMachines/1.6.0.jdk/Contents/Classes/charsets.jar';
    
        cur['sun.boot.library.path'] = '/System/Library/Java/JavaVirtualMachines/1.6.0.jdk/Contents/Libraries';
    
        cur['sun.cpu.endian'] = 'little';
    
        cur['sun.cpu.isalist'] = '';
    
        cur['sun.io.unicode.encoding'] = 'UnicodeLittle';
    
        cur['sun.java.command'] = 'org.apache.tools.ant.taskdefs.optional.junit.JUnitTestRunner SuiteRunner.runTestSuite filtertrace=true haltOnError=false haltOnFailure=false formatter=org.apache.tools.ant.taskdefs.optional.junit.OutErrSummaryJUnitResultFormatter showoutput=false outputtoformatters=true logfailedtests=true logtestlistenerevents=false formatter=org.apache.tools.ant.taskdefs.optional.junit.XMLJUnitResultFormatter,/Volumes/Ankit/ComcastAutomation_Regression/junit/TEST-SuiteRunner.runTestSuite.xml crashfile=/Volumes/Ankit/ComcastAutomation_Regression/junitvmwatcher8260985654141346390.properties propsfile=/Volumes/Ankit/ComcastAutomation_Regression/junit8773157462443356552.properties';
    
        cur['sun.java.launcher'] = 'SUN_STANDARD';
    
        cur['sun.jnu.encoding'] = 'MacRoman';
    
        cur['sun.management.compiler'] = 'HotSpot 64-Bit Tiered Compilers';
    
        cur['sun.os.patch.level'] = 'unknown';
    
        cur['target'] = '1.6';
    
        cur['user.country'] = 'US';
    
        cur['user.dir'] = '/Volumes/Ankit/ComcastAutomation_Regression';
    
        cur['user.home'] = '/Users/Valtech';
    
        cur['user.language'] = 'en';
    
        cur['user.name'] = 'Valtech';
    
        cur['user.timezone'] = '';
    </script><script type="text/javascript" language="JavaScript">
        function displayProperties (name) {
          var win = window.open('','JUnitSystemProperties','scrollbars=1,resizable=1');
          var doc = win.document;
          doc.open();
          doc.write("<html><head><title>Properties of " + name + "</title>");
          doc.write("<style type=\"text/css\">");
          doc.write("body {font:normal 68% verdana,arial,helvetica; color:#000000; }");
          doc.write("table tr td, table tr th { font-size: 68%; }");
          doc.write("table.properties { border-collapse:collapse; border-left:solid 1 #cccccc; border-top:solid 1 #cccccc; padding:5px; }");
          doc.write("table.properties th { text-align:left; border-right:solid 1 #cccccc; border-bottom:solid 1 #cccccc; background-color:#eeeeee; }");
          doc.write("table.properties td { font:normal; text-align:left; border-right:solid 1 #cccccc; border-bottom:solid 1 #cccccc; background-color:#fffffff; }");
          doc.write("h3 { margin-bottom: 0.5em; font: bold 115% verdana,arial,helvetica }");
          doc.write("</style>");
          doc.write("</head><body>");
          doc.write("<h3>Properties of " + name + "</h3>");
          doc.write("<div align=\"right\"><a href=\"javascript:window.close();\">Close</a></div>");
          doc.write("<table class='properties'>");
          doc.write("<tr><th>Name</th><th>Value</th></tr>");
          for (prop in TestCases[name]) {
            doc.write("<tr><th>" + prop + "</th><td>" + TestCases[name][prop] + "</td></tr>");
          }
          doc.write("</table>");
          doc.write("</body></html>");
          doc.close();
          win.focus();
        }
      
      </script>
</head>
<body>
<h1>Unit Test Results.</h1>
<table width="100%">
<tr>
<td align="left"></td><td align="right">Designed for use with <a href="http://www.junit.org/">JUnit</a> and <a href="http://ant.apache.org/">Ant</a>.</td>
</tr>
</table>
<hr size="1">
<h3>Class SuiteRunner.runTestSuite</h3>
<table class="details" border="0" cellpadding="5" cellspacing="2" width="95%">
<tr valign="top">
<th width="80%">Name</th><th>Tests</th><th>Errors</th><th>Failures</th><th nowrap>Time(s)</th><th nowrap>Time Stamp</th><th>Host</th>
</tr>
<tr valign="top" class="Error">
<td><a title="Display all tests" href="1_runTestSuite.html">runTestSuite</a></td><td><a title="Display all tests" href="1_runTestSuite.html">41</a></td><td><a title="Display only errors" href="1_runTestSuite-errors.html">7</a></td><td><a title="Display only failures" href="1_runTestSuite-fails.html">7</a></td><td>708.363</td><td>2013-05-09T14:38:43</td><td>adea-11.adeasolutions.com</td>
</tr>
</table>
<h2>Errors</h2>
<table class="details" border="0" cellpadding="5" cellspacing="2" width="95%">
<tr valign="top">
<th>Name</th><th>Status</th><th width="80%">Type</th><th nowrap>Time(s)</th>
</tr>
<tr valign="top" class="Error">
<td><a name="testRegistrationToXidioApplicationBySkipingPaymentStepAndActivationStep"></a>testRegistrationToXidioApplicationBySkipingPaymentStepAndActivationStep</td><td>Error</td><td>Unable to locate element: {"method":"link text","selector":"Skip this step"}
Command duration or timeout: 30.12 seconds
For documentation on this error, please visit: http://seleniumhq.org/exceptions/no_such_element.html
Build info: version: '2.32.0', revision: '6c40c18', time: '2013-04-09 17:22:56'
System info: os.name: 'Mac OS X', os.arch: 'x86_64', os.version: '10.7.5', java.version: '1.6.0_45'
Session ID: 51d2ec6e-4658-7a47-b768-60e68eda378a
Driver info: org.openqa.selenium.firefox.FirefoxDriver
Capabilities [{platform=MAC, acceptSslCerts=true, javascriptEnabled=true, browserName=firefox, rotatable=false, locationContextEnabled=true, version=20.0, cssSelectorsEnabled=true, databaseEnabled=true, handlesAlerts=true, browserConnectionEnabled=true, nativeEvents=false, webStorageEnabled=true, applicationCacheEnabled=true, takesScreenshot=true}]<br>
<br>
<code>org.openqa.selenium.NoSuchElementException: Unable to locate element: {"method":"link text","selector":"Skip this step"}<br>Command duration or timeout: 30.12 seconds<br>For documentation on this error, please visit: http://seleniumhq.org/exceptions/no_such_element.html<br>Build info: version: '2.32.0', revision: '6c40c18', time: '2013-04-09 17:22:56'<br>System info: os.name: 'Mac OS X', os.arch: 'x86_64', os.version: '10.7.5', java.version: '1.6.0_45'<br>Session ID: 51d2ec6e-4658-7a47-b768-60e68eda378a<br>Driver info: org.openqa.selenium.firefox.FirefoxDriver<br>Capabilities [{platform=MAC, acceptSslCerts=true, javascriptEnabled=true, browserName=firefox, rotatable=false, locationContextEnabled=true, version=20.0, cssSelectorsEnabled=true, databaseEnabled=true, handlesAlerts=true, browserConnectionEnabled=true, nativeEvents=false, webStorageEnabled=true, applicationCacheEnabled=true, takesScreenshot=true}]<br>	at java.lang.reflect.Constructor.newInstance(Constructor.java:513)<br>	at org.openqa.selenium.remote.ErrorHandler.createThrowable(ErrorHandler.java:187)<br>	at org.openqa.selenium.remote.ErrorHandler.throwIfResponseFailed(ErrorHandler.java:145)<br>	at org.openqa.selenium.remote.RemoteWebDriver.execute(RemoteWebDriver.java:554)<br>	at org.openqa.selenium.remote.RemoteWebDriver.findElement(RemoteWebDriver.java:307)<br>	at org.openqa.selenium.remote.RemoteWebDriver.findElementByLinkText(RemoteWebDriver.java:356)<br>	at org.openqa.selenium.By$ByLinkText.findElement(By.java:241)<br>	at org.openqa.selenium.remote.RemoteWebDriver.findElement(RemoteWebDriver.java:299)<br>	at UserAuthentication.UserRegistration.RegisterToXidioApplicationBySkipingPaymentStepAndActivationStep.testRegistrationToXidioApplicationBySkipingPaymentStepAndActivationStep(RegisterToXidioApplicationBySkipingPaymentStepAndActivationStep.java:25)<br>Caused by: org.openqa.selenium.remote.ErrorHandler$UnknownServerException: Unable to locate element: {"method":"link text","selector":"Skip this step"}<br>Build info: version: '2.32.0', revision: '6c40c18', time: '2013-04-09 17:22:56'<br>System info: os.name: 'Mac OS X', os.arch: 'x86_64', os.version: '10.7.5', java.version: '1.6.0_45'<br>Driver info: driver.version: unknown<br>	at &lt;anonymous class&gt;.FirefoxDriver.prototype.findElementInternal_(file:///var/folders/wv/kv98qhfj6v36b2h0fkf_l66w0000gn/T/anonymous2719821437033243189webdriver-profile/extensions/fxdriver@googlecode.com/components/driver_component.js:8405)<br>	at &lt;anonymous class&gt;.fxdriver.Timer.prototype.setTimeout/&lt;.notify(file:///var/folders/wv/kv98qhfj6v36b2h0fkf_l66w0000gn/T/anonymous2719821437033243189webdriver-profile/extensions/fxdriver@googlecode.com/components/driver_component.js:386)<br>
</code></td><td>37.372</td>
</tr>
<tr valign="top" class="Error">
<td><a name="testUserRegistration"></a>testUserRegistration</td><td>Error</td><td>Element is not currently visible and so may not be interacted with
Command duration or timeout: 30.07 seconds
Build info: version: '2.32.0', revision: '6c40c18', time: '2013-04-09 17:22:56'
System info: os.name: 'Mac OS X', os.arch: 'x86_64', os.version: '10.7.5', java.version: '1.6.0_45'
Session ID: 51cd0c55-8fe2-b24c-a632-445a682bb897
Driver info: org.openqa.selenium.firefox.FirefoxDriver
Capabilities [{platform=MAC, acceptSslCerts=true, javascriptEnabled=true, browserName=firefox, rotatable=false, locationContextEnabled=true, version=20.0, cssSelectorsEnabled=true, databaseEnabled=true, handlesAlerts=true, browserConnectionEnabled=true, nativeEvents=false, webStorageEnabled=true, applicationCacheEnabled=true, takesScreenshot=true}]<br>
<br>
<code>org.openqa.selenium.ElementNotVisibleException: Element is not currently visible and so may not be interacted with<br>Command duration or timeout: 30.07 seconds<br>Build info: version: '2.32.0', revision: '6c40c18', time: '2013-04-09 17:22:56'<br>System info: os.name: 'Mac OS X', os.arch: 'x86_64', os.version: '10.7.5', java.version: '1.6.0_45'<br>Session ID: 51cd0c55-8fe2-b24c-a632-445a682bb897<br>Driver info: org.openqa.selenium.firefox.FirefoxDriver<br>Capabilities [{platform=MAC, acceptSslCerts=true, javascriptEnabled=true, browserName=firefox, rotatable=false, locationContextEnabled=true, version=20.0, cssSelectorsEnabled=true, databaseEnabled=true, handlesAlerts=true, browserConnectionEnabled=true, nativeEvents=false, webStorageEnabled=true, applicationCacheEnabled=true, takesScreenshot=true}]<br>	at java.lang.reflect.Constructor.newInstance(Constructor.java:513)<br>	at org.openqa.selenium.remote.ErrorHandler.createThrowable(ErrorHandler.java:187)<br>	at org.openqa.selenium.remote.ErrorHandler.throwIfResponseFailed(ErrorHandler.java:145)<br>	at org.openqa.selenium.remote.RemoteWebDriver.execute(RemoteWebDriver.java:554)<br>	at org.openqa.selenium.remote.RemoteWebElement.execute(RemoteWebElement.java:268)<br>	at org.openqa.selenium.remote.RemoteWebElement.clear(RemoteWebElement.java:113)<br>	at Core.UserRegistrationFunction.Common.UserRegistrationFunction.CCDetials(UserRegistrationFunction.java:14)<br>	at UserAuthentication.UserRegistration.RegisterToXidioApplicationUsingValidCredentials.testUserRegistration(RegisterToXidioApplicationUsingValidCredentials.java:39)<br>Caused by: org.openqa.selenium.remote.ErrorHandler$UnknownServerException: Element is not currently visible and so may not be interacted with<br>Build info: version: '2.32.0', revision: '6c40c18', time: '2013-04-09 17:22:56'<br>System info: os.name: 'Mac OS X', os.arch: 'x86_64', os.version: '10.7.5', java.version: '1.6.0_45'<br>Driver info: driver.version: unknown<br>	at &lt;anonymous class&gt;.fxdriver.preconditions.visible(file:///var/folders/wv/kv98qhfj6v36b2h0fkf_l66w0000gn/T/anonymous3022121882939882430webdriver-profile/extensions/fxdriver@googlecode.com/components/command_processor.js:7682)<br>	at &lt;anonymous class&gt;.DelayedCommand.prototype.checkPreconditions_(file:///var/folders/wv/kv98qhfj6v36b2h0fkf_l66w0000gn/T/anonymous3022121882939882430webdriver-profile/extensions/fxdriver@googlecode.com/components/command_processor.js:10402)<br>	at &lt;anonymous class&gt;.DelayedCommand.prototype.executeInternal_/h(file:///var/folders/wv/kv98qhfj6v36b2h0fkf_l66w0000gn/T/anonymous3022121882939882430webdriver-profile/extensions/fxdriver@googlecode.com/components/command_processor.js:10421)<br>	at &lt;anonymous class&gt;.fxdriver.Timer.prototype.setTimeout/&lt;.notify(file:///var/folders/wv/kv98qhfj6v36b2h0fkf_l66w0000gn/T/anonymous3022121882939882430webdriver-profile/extensions/fxdriver@googlecode.com/components/command_processor.js:386)<br>
</code></td><td>52.328</td>
</tr>
<tr valign="top" class="Error">
<td><a name="testValidateCurrentPasswordWhenChangingPassword"></a>testValidateCurrentPasswordWhenChangingPassword</td><td>Error</td><td>Element is not currently visible and so may not be interacted with
Command duration or timeout: 30.05 seconds
Build info: version: '2.32.0', revision: '6c40c18', time: '2013-04-09 17:22:56'
System info: os.name: 'Mac OS X', os.arch: 'x86_64', os.version: '10.7.5', java.version: '1.6.0_45'
Session ID: 3cfdc3c3-d78d-3947-a163-e3c7117a98ce
Driver info: org.openqa.selenium.firefox.FirefoxDriver
Capabilities [{platform=MAC, acceptSslCerts=true, javascriptEnabled=true, browserName=firefox, rotatable=false, locationContextEnabled=true, version=20.0, cssSelectorsEnabled=true, databaseEnabled=true, handlesAlerts=true, browserConnectionEnabled=true, nativeEvents=false, webStorageEnabled=true, applicationCacheEnabled=true, takesScreenshot=true}]<br>
<br>
<code>org.openqa.selenium.ElementNotVisibleException: Element is not currently visible and so may not be interacted with<br>Command duration or timeout: 30.05 seconds<br>Build info: version: '2.32.0', revision: '6c40c18', time: '2013-04-09 17:22:56'<br>System info: os.name: 'Mac OS X', os.arch: 'x86_64', os.version: '10.7.5', java.version: '1.6.0_45'<br>Session ID: 3cfdc3c3-d78d-3947-a163-e3c7117a98ce<br>Driver info: org.openqa.selenium.firefox.FirefoxDriver<br>Capabilities [{platform=MAC, acceptSslCerts=true, javascriptEnabled=true, browserName=firefox, rotatable=false, locationContextEnabled=true, version=20.0, cssSelectorsEnabled=true, databaseEnabled=true, handlesAlerts=true, browserConnectionEnabled=true, nativeEvents=false, webStorageEnabled=true, applicationCacheEnabled=true, takesScreenshot=true}]<br>	at java.lang.reflect.Constructor.newInstance(Constructor.java:513)<br>	at org.openqa.selenium.remote.ErrorHandler.createThrowable(ErrorHandler.java:187)<br>	at org.openqa.selenium.remote.ErrorHandler.throwIfResponseFailed(ErrorHandler.java:145)<br>	at org.openqa.selenium.remote.RemoteWebDriver.execute(RemoteWebDriver.java:554)<br>	at org.openqa.selenium.remote.RemoteWebElement.execute(RemoteWebElement.java:268)<br>	at org.openqa.selenium.remote.RemoteWebElement.clear(RemoteWebElement.java:113)<br>	at Core.UserRegistrationFunction.Common.UserRegistrationFunction.CCDetials(UserRegistrationFunction.java:14)<br>	at DataServices.UserRegistrationUsingComcast.UserRegistrationUsingComcast.testUserRegistrationUsingComcast(UserRegistrationUsingComcast.java:33)<br>	at ProfileManagement.ChangePassword.ValidateCurrentPasswordWhenChangingPassword.testValidateCurrentPasswordWhenChangingPassword(ValidateCurrentPasswordWhenChangingPassword.java:18)<br>Caused by: org.openqa.selenium.remote.ErrorHandler$UnknownServerException: Element is not currently visible and so may not be interacted with<br>Build info: version: '2.32.0', revision: '6c40c18', time: '2013-04-09 17:22:56'<br>System info: os.name: 'Mac OS X', os.arch: 'x86_64', os.version: '10.7.5', java.version: '1.6.0_45'<br>Driver info: driver.version: unknown<br>	at &lt;anonymous class&gt;.fxdriver.preconditions.visible(file:///var/folders/wv/kv98qhfj6v36b2h0fkf_l66w0000gn/T/anonymous6551169701907833935webdriver-profile/extensions/fxdriver@googlecode.com/components/command_processor.js:7682)<br>	at &lt;anonymous class&gt;.DelayedCommand.prototype.checkPreconditions_(file:///var/folders/wv/kv98qhfj6v36b2h0fkf_l66w0000gn/T/anonymous6551169701907833935webdriver-profile/extensions/fxdriver@googlecode.com/components/command_processor.js:10402)<br>	at &lt;anonymous class&gt;.DelayedCommand.prototype.executeInternal_/h(file:///var/folders/wv/kv98qhfj6v36b2h0fkf_l66w0000gn/T/anonymous6551169701907833935webdriver-profile/extensions/fxdriver@googlecode.com/components/command_processor.js:10421)<br>	at &lt;anonymous class&gt;.fxdriver.Timer.prototype.setTimeout/&lt;.notify(file:///var/folders/wv/kv98qhfj6v36b2h0fkf_l66w0000gn/T/anonymous6551169701907833935webdriver-profile/extensions/fxdriver@googlecode.com/components/command_processor.js:386)<br>
</code></td><td>51.710</td>
</tr>
<tr valign="top" class="Error">
<td><a name="testVerifyPasswordChangeWorks"></a>testVerifyPasswordChangeWorks</td><td>Error</td><td>Element is not currently visible and so may not be interacted with
Command duration or timeout: 30.05 seconds
Build info: version: '2.32.0', revision: '6c40c18', time: '2013-04-09 17:22:56'
System info: os.name: 'Mac OS X', os.arch: 'x86_64', os.version: '10.7.5', java.version: '1.6.0_45'
Session ID: e34482ef-1bc6-584f-b3b7-74d00afbc48a
Driver info: org.openqa.selenium.firefox.FirefoxDriver
Capabilities [{platform=MAC, acceptSslCerts=true, javascriptEnabled=true, browserName=firefox, rotatable=false, locationContextEnabled=true, version=20.0, cssSelectorsEnabled=true, databaseEnabled=true, handlesAlerts=true, browserConnectionEnabled=true, nativeEvents=false, webStorageEnabled=true, applicationCacheEnabled=true, takesScreenshot=true}]<br>
<br>
<code>org.openqa.selenium.ElementNotVisibleException: Element is not currently visible and so may not be interacted with<br>Command duration or timeout: 30.05 seconds<br>Build info: version: '2.32.0', revision: '6c40c18', time: '2013-04-09 17:22:56'<br>System info: os.name: 'Mac OS X', os.arch: 'x86_64', os.version: '10.7.5', java.version: '1.6.0_45'<br>Session ID: e34482ef-1bc6-584f-b3b7-74d00afbc48a<br>Driver info: org.openqa.selenium.firefox.FirefoxDriver<br>Capabilities [{platform=MAC, acceptSslCerts=true, javascriptEnabled=true, browserName=firefox, rotatable=false, locationContextEnabled=true, version=20.0, cssSelectorsEnabled=true, databaseEnabled=true, handlesAlerts=true, browserConnectionEnabled=true, nativeEvents=false, webStorageEnabled=true, applicationCacheEnabled=true, takesScreenshot=true}]<br>	at java.lang.reflect.Constructor.newInstance(Constructor.java:513)<br>	at org.openqa.selenium.remote.ErrorHandler.createThrowable(ErrorHandler.java:187)<br>	at org.openqa.selenium.remote.ErrorHandler.throwIfResponseFailed(ErrorHandler.java:145)<br>	at org.openqa.selenium.remote.RemoteWebDriver.execute(RemoteWebDriver.java:554)<br>	at org.openqa.selenium.remote.RemoteWebElement.execute(RemoteWebElement.java:268)<br>	at org.openqa.selenium.remote.RemoteWebElement.clear(RemoteWebElement.java:113)<br>	at Core.UserRegistrationFunction.Common.UserRegistrationFunction.CCDetials(UserRegistrationFunction.java:14)<br>	at DataServices.UserRegistrationUsingComcast.UserRegistrationUsingComcast.testUserRegistrationUsingComcast(UserRegistrationUsingComcast.java:33)<br>	at ProfileManagement.ChangePassword.VerifyPasswordChangeWorks.testVerifyPasswordChangeWorks(VerifyPasswordChangeWorks.java:18)<br>Caused by: org.openqa.selenium.remote.ErrorHandler$UnknownServerException: Element is not currently visible and so may not be interacted with<br>Build info: version: '2.32.0', revision: '6c40c18', time: '2013-04-09 17:22:56'<br>System info: os.name: 'Mac OS X', os.arch: 'x86_64', os.version: '10.7.5', java.version: '1.6.0_45'<br>Driver info: driver.version: unknown<br>	at &lt;anonymous class&gt;.fxdriver.preconditions.visible(file:///var/folders/wv/kv98qhfj6v36b2h0fkf_l66w0000gn/T/anonymous1484829998119163467webdriver-profile/extensions/fxdriver@googlecode.com/components/command_processor.js:7682)<br>	at &lt;anonymous class&gt;.DelayedCommand.prototype.checkPreconditions_(file:///var/folders/wv/kv98qhfj6v36b2h0fkf_l66w0000gn/T/anonymous1484829998119163467webdriver-profile/extensions/fxdriver@googlecode.com/components/command_processor.js:10402)<br>	at &lt;anonymous class&gt;.DelayedCommand.prototype.executeInternal_/h(file:///var/folders/wv/kv98qhfj6v36b2h0fkf_l66w0000gn/T/anonymous1484829998119163467webdriver-profile/extensions/fxdriver@googlecode.com/components/command_processor.js:10421)<br>	at &lt;anonymous class&gt;.fxdriver.Timer.prototype.setTimeout/&lt;.notify(file:///var/folders/wv/kv98qhfj6v36b2h0fkf_l66w0000gn/T/anonymous1484829998119163467webdriver-profile/extensions/fxdriver@googlecode.com/components/command_processor.js:386)<br>
</code></td><td>53.451</td>
</tr>
<tr valign="top" class="Error">
<td><a name="testVerifyChangePinCodeDetailsUpdatedSuccessfully"></a>testVerifyChangePinCodeDetailsUpdatedSuccessfully</td><td>Error</td><td>Element is not currently visible and so may not be interacted with
Command duration or timeout: 30.09 seconds
Build info: version: '2.32.0', revision: '6c40c18', time: '2013-04-09 17:22:56'
System info: os.name: 'Mac OS X', os.arch: 'x86_64', os.version: '10.7.5', java.version: '1.6.0_45'
Session ID: 93f38f0c-6e14-6a42-8a23-959ff3e2cb33
Driver info: org.openqa.selenium.firefox.FirefoxDriver
Capabilities [{platform=MAC, acceptSslCerts=true, javascriptEnabled=true, browserName=firefox, rotatable=false, locationContextEnabled=true, version=20.0, cssSelectorsEnabled=true, databaseEnabled=true, handlesAlerts=true, browserConnectionEnabled=true, nativeEvents=false, webStorageEnabled=true, applicationCacheEnabled=true, takesScreenshot=true}]<br>
<br>
<code>org.openqa.selenium.ElementNotVisibleException: Element is not currently visible and so may not be interacted with<br>Command duration or timeout: 30.09 seconds<br>Build info: version: '2.32.0', revision: '6c40c18', time: '2013-04-09 17:22:56'<br>System info: os.name: 'Mac OS X', os.arch: 'x86_64', os.version: '10.7.5', java.version: '1.6.0_45'<br>Session ID: 93f38f0c-6e14-6a42-8a23-959ff3e2cb33<br>Driver info: org.openqa.selenium.firefox.FirefoxDriver<br>Capabilities [{platform=MAC, acceptSslCerts=true, javascriptEnabled=true, browserName=firefox, rotatable=false, locationContextEnabled=true, version=20.0, cssSelectorsEnabled=true, databaseEnabled=true, handlesAlerts=true, browserConnectionEnabled=true, nativeEvents=false, webStorageEnabled=true, applicationCacheEnabled=true, takesScreenshot=true}]<br>	at java.lang.reflect.Constructor.newInstance(Constructor.java:513)<br>	at org.openqa.selenium.remote.ErrorHandler.createThrowable(ErrorHandler.java:187)<br>	at org.openqa.selenium.remote.ErrorHandler.throwIfResponseFailed(ErrorHandler.java:145)<br>	at org.openqa.selenium.remote.RemoteWebDriver.execute(RemoteWebDriver.java:554)<br>	at org.openqa.selenium.remote.RemoteWebElement.execute(RemoteWebElement.java:268)<br>	at org.openqa.selenium.remote.RemoteWebElement.clear(RemoteWebElement.java:113)<br>	at Core.UserRegistrationFunction.Common.UserRegistrationFunction.CCDetials(UserRegistrationFunction.java:14)<br>	at DataServices.UserRegistrationUsingComcast.UserRegistrationUsingComcast.testUserRegistrationUsingComcast(UserRegistrationUsingComcast.java:33)<br>	at ProfileManagement.ChangePin.VerifyChangePinCodeDetailsUpdatedSuccessfully.testVerifyChangePinCodeDetailsUpdatedSuccessfully(VerifyChangePinCodeDetailsUpdatedSuccessfully.java:18)<br>Caused by: org.openqa.selenium.remote.ErrorHandler$UnknownServerException: Element is not currently visible and so may not be interacted with<br>Build info: version: '2.32.0', revision: '6c40c18', time: '2013-04-09 17:22:56'<br>System info: os.name: 'Mac OS X', os.arch: 'x86_64', os.version: '10.7.5', java.version: '1.6.0_45'<br>Driver info: driver.version: unknown<br>	at &lt;anonymous class&gt;.fxdriver.preconditions.visible(file:///var/folders/wv/kv98qhfj6v36b2h0fkf_l66w0000gn/T/anonymous3298608816627982431webdriver-profile/extensions/fxdriver@googlecode.com/components/command_processor.js:7682)<br>	at &lt;anonymous class&gt;.DelayedCommand.prototype.checkPreconditions_(file:///var/folders/wv/kv98qhfj6v36b2h0fkf_l66w0000gn/T/anonymous3298608816627982431webdriver-profile/extensions/fxdriver@googlecode.com/components/command_processor.js:10402)<br>	at &lt;anonymous class&gt;.DelayedCommand.prototype.executeInternal_/h(file:///var/folders/wv/kv98qhfj6v36b2h0fkf_l66w0000gn/T/anonymous3298608816627982431webdriver-profile/extensions/fxdriver@googlecode.com/components/command_processor.js:10421)<br>	at &lt;anonymous class&gt;.fxdriver.Timer.prototype.setTimeout/&lt;.notify(file:///var/folders/wv/kv98qhfj6v36b2h0fkf_l66w0000gn/T/anonymous3298608816627982431webdriver-profile/extensions/fxdriver@googlecode.com/components/command_processor.js:386)<br>
</code></td><td>53.052</td>
</tr>
<tr valign="top" class="Error">
<td><a name="testVerifyFeedbackSubmitedSuccessfully"></a>testVerifyFeedbackSubmitedSuccessfully</td><td>Error</td><td>Unable to locate element: {"method":"name","selector":"old_password"}
Command duration or timeout: 30.03 seconds
For documentation on this error, please visit: http://seleniumhq.org/exceptions/no_such_element.html
Build info: version: '2.32.0', revision: '6c40c18', time: '2013-04-09 17:22:56'
System info: os.name: 'Mac OS X', os.arch: 'x86_64', os.version: '10.7.5', java.version: '1.6.0_45'
Session ID: 841348b2-a0ae-3e4d-8a88-7e90ec26d39f
Driver info: org.openqa.selenium.firefox.FirefoxDriver
Capabilities [{platform=MAC, acceptSslCerts=true, javascriptEnabled=true, browserName=firefox, rotatable=false, locationContextEnabled=true, version=20.0, cssSelectorsEnabled=true, databaseEnabled=true, handlesAlerts=true, browserConnectionEnabled=true, nativeEvents=false, webStorageEnabled=true, applicationCacheEnabled=true, takesScreenshot=true}]<br>
<br>
<code>org.openqa.selenium.NoSuchElementException: Unable to locate element: {"method":"name","selector":"old_password"}<br>Command duration or timeout: 30.03 seconds<br>For documentation on this error, please visit: http://seleniumhq.org/exceptions/no_such_element.html<br>Build info: version: '2.32.0', revision: '6c40c18', time: '2013-04-09 17:22:56'<br>System info: os.name: 'Mac OS X', os.arch: 'x86_64', os.version: '10.7.5', java.version: '1.6.0_45'<br>Session ID: 841348b2-a0ae-3e4d-8a88-7e90ec26d39f<br>Driver info: org.openqa.selenium.firefox.FirefoxDriver<br>Capabilities [{platform=MAC, acceptSslCerts=true, javascriptEnabled=true, browserName=firefox, rotatable=false, locationContextEnabled=true, version=20.0, cssSelectorsEnabled=true, databaseEnabled=true, handlesAlerts=true, browserConnectionEnabled=true, nativeEvents=false, webStorageEnabled=true, applicationCacheEnabled=true, takesScreenshot=true}]<br>	at java.lang.reflect.Constructor.newInstance(Constructor.java:513)<br>	at org.openqa.selenium.remote.ErrorHandler.createThrowable(ErrorHandler.java:187)<br>	at org.openqa.selenium.remote.ErrorHandler.throwIfResponseFailed(ErrorHandler.java:145)<br>	at org.openqa.selenium.remote.RemoteWebDriver.execute(RemoteWebDriver.java:554)<br>	at org.openqa.selenium.remote.RemoteWebDriver.findElement(RemoteWebDriver.java:307)<br>	at org.openqa.selenium.remote.RemoteWebDriver.findElementByName(RemoteWebDriver.java:380)<br>	at org.openqa.selenium.By$ByName.findElement(By.java:292)<br>	at org.openqa.selenium.remote.RemoteWebDriver.findElement(RemoteWebDriver.java:299)<br>	at VideoManagement.VideoSearchFunctionality.FeedBack.VerifyFeedbackSubmitedSuccessfully.testVerifyFeedbackSubmitedSuccessfully(VerifyFeedbackSubmitedSuccessfully.java:23)<br>Caused by: org.openqa.selenium.remote.ErrorHandler$UnknownServerException: Unable to locate element: {"method":"name","selector":"old_password"}<br>Build info: version: '2.32.0', revision: '6c40c18', time: '2013-04-09 17:22:56'<br>System info: os.name: 'Mac OS X', os.arch: 'x86_64', os.version: '10.7.5', java.version: '1.6.0_45'<br>Driver info: driver.version: unknown<br>	at &lt;anonymous class&gt;.FirefoxDriver.prototype.findElementInternal_(file:///var/folders/wv/kv98qhfj6v36b2h0fkf_l66w0000gn/T/anonymous2191770659540168071webdriver-profile/extensions/fxdriver@googlecode.com/components/driver_component.js:8405)<br>	at &lt;anonymous class&gt;.fxdriver.Timer.prototype.setTimeout/&lt;.notify(file:///var/folders/wv/kv98qhfj6v36b2h0fkf_l66w0000gn/T/anonymous2191770659540168071webdriver-profile/extensions/fxdriver@googlecode.com/components/driver_component.js:386)<br>
</code></td><td>35.750</td>
</tr>
<tr valign="top" class="Error">
<td><a name="testVerifySelectedCategoryAndSubCategoryVideosAreDisplayed"></a>testVerifySelectedCategoryAndSubCategoryVideosAreDisplayed</td><td>Error</td><td>Unable to locate element: {"method":"link text","selector":"Indie"}
Command duration or timeout: 33.91 seconds
For documentation on this error, please visit: http://seleniumhq.org/exceptions/no_such_element.html
Build info: version: '2.32.0', revision: '6c40c18', time: '2013-04-09 17:22:56'
System info: os.name: 'Mac OS X', os.arch: 'x86_64', os.version: '10.7.5', java.version: '1.6.0_45'
Session ID: fe57d544-8c49-de47-b8fd-878db2dc2144
Driver info: org.openqa.selenium.firefox.FirefoxDriver
Capabilities [{platform=MAC, acceptSslCerts=true, javascriptEnabled=true, browserName=firefox, rotatable=false, locationContextEnabled=true, version=20.0, cssSelectorsEnabled=true, databaseEnabled=true, handlesAlerts=true, browserConnectionEnabled=true, nativeEvents=false, webStorageEnabled=true, applicationCacheEnabled=true, takesScreenshot=true}]<br>
<br>
<code>org.openqa.selenium.NoSuchElementException: Unable to locate element: {"method":"link text","selector":"Indie"}<br>Command duration or timeout: 33.91 seconds<br>For documentation on this error, please visit: http://seleniumhq.org/exceptions/no_such_element.html<br>Build info: version: '2.32.0', revision: '6c40c18', time: '2013-04-09 17:22:56'<br>System info: os.name: 'Mac OS X', os.arch: 'x86_64', os.version: '10.7.5', java.version: '1.6.0_45'<br>Session ID: fe57d544-8c49-de47-b8fd-878db2dc2144<br>Driver info: org.openqa.selenium.firefox.FirefoxDriver<br>Capabilities [{platform=MAC, acceptSslCerts=true, javascriptEnabled=true, browserName=firefox, rotatable=false, locationContextEnabled=true, version=20.0, cssSelectorsEnabled=true, databaseEnabled=true, handlesAlerts=true, browserConnectionEnabled=true, nativeEvents=false, webStorageEnabled=true, applicationCacheEnabled=true, takesScreenshot=true}]<br>	at java.lang.reflect.Constructor.newInstance(Constructor.java:513)<br>	at org.openqa.selenium.remote.ErrorHandler.createThrowable(ErrorHandler.java:187)<br>	at org.openqa.selenium.remote.ErrorHandler.throwIfResponseFailed(ErrorHandler.java:145)<br>	at org.openqa.selenium.remote.RemoteWebDriver.execute(RemoteWebDriver.java:554)<br>	at org.openqa.selenium.remote.RemoteWebDriver.findElement(RemoteWebDriver.java:307)<br>	at org.openqa.selenium.remote.RemoteWebDriver.findElementByLinkText(RemoteWebDriver.java:356)<br>	at org.openqa.selenium.By$ByLinkText.findElement(By.java:241)<br>	at org.openqa.selenium.remote.RemoteWebDriver.findElement(RemoteWebDriver.java:299)<br>	at VideoManagement.VideoSearchFunctionality.SearchVideoByCategory.VerifySelectedCategoryAndSubCategoryVideosAreDisplayed.testVerifySelectedCategoryAndSubCategoryVideosAreDisplayed(VerifySelectedCategoryAndSubCategoryVideosAreDisplayed.java:24)<br>Caused by: org.openqa.selenium.remote.ErrorHandler$UnknownServerException: Unable to locate element: {"method":"link text","selector":"Indie"}<br>Build info: version: '2.32.0', revision: '6c40c18', time: '2013-04-09 17:22:56'<br>System info: os.name: 'Mac OS X', os.arch: 'x86_64', os.version: '10.7.5', java.version: '1.6.0_45'<br>Driver info: driver.version: unknown<br>	at &lt;anonymous class&gt;.FirefoxDriver.prototype.findElementInternal_(file:///var/folders/wv/kv98qhfj6v36b2h0fkf_l66w0000gn/T/anonymous4808736804855554355webdriver-profile/extensions/fxdriver@googlecode.com/components/driver_component.js:8405)<br>	at &lt;anonymous class&gt;.fxdriver.Timer.prototype.setTimeout/&lt;.notify(file:///var/folders/wv/kv98qhfj6v36b2h0fkf_l66w0000gn/T/anonymous4808736804855554355webdriver-profile/extensions/fxdriver@googlecode.com/components/driver_component.js:386)<br>
</code></td><td>43.595</td>
</tr>
</table>
<div class="Properties">
<a href="javascript:displayProperties('SuiteRunner.runTestSuite');">
                    Properties &raquo;
                </a>
</div>
</body>
</html>
