<html xmlns:lxslt="http://xml.apache.org/xslt" xmlns:stringutils="xalan://org.apache.tools.ant.util.StringUtils">
<head>
<META http-equiv="Content-Type" content="text/html; charset=UTF-8">
<title>Unit Test Results: All Tests</title>
<link rel="stylesheet" type="text/css" title="Style" href="stylesheet.css">
</head>
<body onload="open('allclasses-frame.html','classListFrame')">
<h1>Unit Test Results.</h1>
<table width="100%">
<tr>
<td align="left"></td><td align="right">Designed for use with <a href="http://www.junit.org/">JUnit</a> and <a href="http://ant.apache.org/">Ant</a>.</td>
</tr>
</table>
<hr size="1">
<h2>All Tests</h2>
<table class="details" border="0" cellpadding="5" cellspacing="2" width="95%">
<tr valign="top">
<th>Class</th><th>Name</th><th>Status</th><th width="80%">Type</th><th nowrap>Time(s)</th>
</tr>
<tr valign="top" class="TableRowColor">
<td><a href="Comcast_Demo/0_DemoClass_MB.html">DemoClass_MB</a></td><td><a name="testUserRegistration"></a><a href="Comcast_Demo/0_DemoClass_MB.html#testUserRegistration">testUserRegistration</a></td><td>Success</td><td></td><td>130.740</td>
</tr>
<tr valign="top" class="TableRowColor">
<td><a href="SuiteRunner/1_runTestSuite.html">runTestSuite</a></td><td><a name="testRegistrationToXidioApplicationByClickingActivation"></a><a href="SuiteRunner/1_runTestSuite.html#testRegistrationToXidioApplicationByClickingActivation">testRegistrationToXidioApplicationByClickingActivation</a></td><td>Success</td><td></td><td>48.616</td>
</tr>
<tr valign="top" class="TableRowColor">
<td><a href="SuiteRunner/1_runTestSuite.html">runTestSuite</a></td><td><a name="testRegisterToXidioApplicationByEnteringInValidEmail"></a><a href="SuiteRunner/1_runTestSuite.html#testRegisterToXidioApplicationByEnteringInValidEmail">testRegisterToXidioApplicationByEnteringInValidEmail</a></td><td>Success</td><td></td><td>10.225</td>
</tr>
<tr valign="top" class="TableRowColor">
<td><a href="SuiteRunner/1_runTestSuite.html">runTestSuite</a></td><td><a name="testRegisterToXidioApplicationByEnteringInValidLengthOfPassword"></a><a href="SuiteRunner/1_runTestSuite.html#testRegisterToXidioApplicationByEnteringInValidLengthOfPassword">testRegisterToXidioApplicationByEnteringInValidLengthOfPassword</a></td><td>Success</td><td></td><td>9.049</td>
</tr>
<tr valign="top" class="TableRowColor">
<td><a href="SuiteRunner/1_runTestSuite.html">runTestSuite</a></td><td><a name="testRegisterToXidioApplicationByEnteringInValidMobileNumber"></a><a href="SuiteRunner/1_runTestSuite.html#testRegisterToXidioApplicationByEnteringInValidMobileNumber">testRegisterToXidioApplicationByEnteringInValidMobileNumber</a></td><td>Success</td><td></td><td>9.475</td>
</tr>
<tr valign="top" class="TableRowColor">
<td><a href="SuiteRunner/1_runTestSuite.html">runTestSuite</a></td><td><a name="testRegisterToXidioApplicationWithEnteringInValidZip"></a><a href="SuiteRunner/1_runTestSuite.html#testRegisterToXidioApplicationWithEnteringInValidZip">testRegisterToXidioApplicationWithEnteringInValidZip</a></td><td>Success</td><td></td><td>8.894</td>
</tr>
<tr valign="top" class="TableRowColor">
<td><a href="SuiteRunner/1_runTestSuite.html">runTestSuite</a></td><td><a name="testRegisterToXidioApplicationWithEnteringInValidZip"></a><a href="SuiteRunner/1_runTestSuite.html#testRegisterToXidioApplicationWithEnteringInValidZip">testRegisterToXidioApplicationWithEnteringInValidZip</a></td><td>Success</td><td></td><td>9.177</td>
</tr>
<tr valign="top" class="TableRowColor">
<td><a href="SuiteRunner/1_runTestSuite.html">runTestSuite</a></td><td><a name="testRegisterToXidioApplicationByEnteringInValidPassword"></a><a href="SuiteRunner/1_runTestSuite.html#testRegisterToXidioApplicationByEnteringInValidPassword">testRegisterToXidioApplicationByEnteringInValidPassword</a></td><td>Success</td><td></td><td>10.088</td>
</tr>
<tr valign="top" class="TableRowColor">
<td><a href="SuiteRunner/1_runTestSuite.html">runTestSuite</a></td><td><a name="testRegisterToXidioApplicationByEnteringInValidPassword"></a><a href="SuiteRunner/1_runTestSuite.html#testRegisterToXidioApplicationByEnteringInValidPassword">testRegisterToXidioApplicationByEnteringInValidPassword</a></td><td>Success</td><td></td><td>9.943</td>
</tr>
<tr valign="top" class="Error">
<td><a href="SuiteRunner/1_runTestSuite.html">runTestSuite</a></td><td><a name="testRegistrationToXidioApplicationBySkipingPaymentStepAndActivationStep"></a><a href="SuiteRunner/1_runTestSuite.html#testRegistrationToXidioApplicationBySkipingPaymentStepAndActivationStep">testRegistrationToXidioApplicationBySkipingPaymentStepAndActivationStep</a></td><td>Error</td><td>Unable to locate element: {"method":"link text","selector":"Skip this step"}
Command duration or timeout: 30.12 seconds
For documentation on this error, please visit: http://seleniumhq.org/exceptions/no_such_element.html
Build info: version: '2.32.0', revision: '6c40c18', time: '2013-04-09 17:22:56'
System info: os.name: 'Mac OS X', os.arch: 'x86_64', os.version: '10.7.5', java.version: '1.6.0_45'
Session ID: 51d2ec6e-4658-7a47-b768-60e68eda378a
Driver info: org.openqa.selenium.firefox.FirefoxDriver
Capabilities [{platform=MAC, acceptSslCerts=true, javascriptEnabled=true, browserName=firefox, rotatable=false, locationContextEnabled=true, version=20.0, cssSelectorsEnabled=true, databaseEnabled=true, handlesAlerts=true, browserConnectionEnabled=true, nativeEvents=false, webStorageEnabled=true, applicationCacheEnabled=true, takesScreenshot=true}]<br>
<br>
<code>org.openqa.selenium.NoSuchElementException: Unable to locate element: {"method":"link text","selector":"Skip this step"}<br>Command duration or timeout: 30.12 seconds<br>For documentation on this error, please visit: http://seleniumhq.org/exceptions/no_such_element.html<br>Build info: version: '2.32.0', revision: '6c40c18', time: '2013-04-09 17:22:56'<br>System info: os.name: 'Mac OS X', os.arch: 'x86_64', os.version: '10.7.5', java.version: '1.6.0_45'<br>Session ID: 51d2ec6e-4658-7a47-b768-60e68eda378a<br>Driver info: org.openqa.selenium.firefox.FirefoxDriver<br>Capabilities [{platform=MAC, acceptSslCerts=true, javascriptEnabled=true, browserName=firefox, rotatable=false, locationContextEnabled=true, version=20.0, cssSelectorsEnabled=true, databaseEnabled=true, handlesAlerts=true, browserConnectionEnabled=true, nativeEvents=false, webStorageEnabled=true, applicationCacheEnabled=true, takesScreenshot=true}]<br>	at java.lang.reflect.Constructor.newInstance(Constructor.java:513)<br>	at org.openqa.selenium.remote.ErrorHandler.createThrowable(ErrorHandler.java:187)<br>	at org.openqa.selenium.remote.ErrorHandler.throwIfResponseFailed(ErrorHandler.java:145)<br>	at org.openqa.selenium.remote.RemoteWebDriver.execute(RemoteWebDriver.java:554)<br>	at org.openqa.selenium.remote.RemoteWebDriver.findElement(RemoteWebDriver.java:307)<br>	at org.openqa.selenium.remote.RemoteWebDriver.findElementByLinkText(RemoteWebDriver.java:356)<br>	at org.openqa.selenium.By$ByLinkText.findElement(By.java:241)<br>	at org.openqa.selenium.remote.RemoteWebDriver.findElement(RemoteWebDriver.java:299)<br>	at UserAuthentication.UserRegistration.RegisterToXidioApplicationBySkipingPaymentStepAndActivationStep.testRegistrationToXidioApplicationBySkipingPaymentStepAndActivationStep(RegisterToXidioApplicationBySkipingPaymentStepAndActivationStep.java:25)<br>Caused by: org.openqa.selenium.remote.ErrorHandler$UnknownServerException: Unable to locate element: {"method":"link text","selector":"Skip this step"}<br>Build info: version: '2.32.0', revision: '6c40c18', time: '2013-04-09 17:22:56'<br>System info: os.name: 'Mac OS X', os.arch: 'x86_64', os.version: '10.7.5', java.version: '1.6.0_45'<br>Driver info: driver.version: unknown<br>	at &lt;anonymous class&gt;.FirefoxDriver.prototype.findElementInternal_(file:///var/folders/wv/kv98qhfj6v36b2h0fkf_l66w0000gn/T/anonymous2719821437033243189webdriver-profile/extensions/fxdriver@googlecode.com/components/driver_component.js:8405)<br>	at &lt;anonymous class&gt;.fxdriver.Timer.prototype.setTimeout/&lt;.notify(file:///var/folders/wv/kv98qhfj6v36b2h0fkf_l66w0000gn/T/anonymous2719821437033243189webdriver-profile/extensions/fxdriver@googlecode.com/components/driver_component.js:386)<br>
</code></td><td>37.372</td>
</tr>
<tr valign="top" class="TableRowColor">
<td><a href="SuiteRunner/1_runTestSuite.html">runTestSuite</a></td><td><a name="testRegisterToXidioApplicationDirectlyWithPaymentDetailsWithoutPersonalInfo"></a><a href="SuiteRunner/1_runTestSuite.html#testRegisterToXidioApplicationDirectlyWithPaymentDetailsWithoutPersonalInfo">testRegisterToXidioApplicationDirectlyWithPaymentDetailsWithoutPersonalInfo</a></td><td>Success</td><td></td><td>13.174</td>
</tr>
<tr valign="top" class="Error">
<td><a href="SuiteRunner/1_runTestSuite.html">runTestSuite</a></td><td><a name="testUserRegistration"></a><a href="SuiteRunner/1_runTestSuite.html#testUserRegistration">testUserRegistration</a></td><td>Error</td><td>Element is not currently visible and so may not be interacted with
Command duration or timeout: 30.07 seconds
Build info: version: '2.32.0', revision: '6c40c18', time: '2013-04-09 17:22:56'
System info: os.name: 'Mac OS X', os.arch: 'x86_64', os.version: '10.7.5', java.version: '1.6.0_45'
Session ID: 51cd0c55-8fe2-b24c-a632-445a682bb897
Driver info: org.openqa.selenium.firefox.FirefoxDriver
Capabilities [{platform=MAC, acceptSslCerts=true, javascriptEnabled=true, browserName=firefox, rotatable=false, locationContextEnabled=true, version=20.0, cssSelectorsEnabled=true, databaseEnabled=true, handlesAlerts=true, browserConnectionEnabled=true, nativeEvents=false, webStorageEnabled=true, applicationCacheEnabled=true, takesScreenshot=true}]<br>
<br>
<code>org.openqa.selenium.ElementNotVisibleException: Element is not currently visible and so may not be interacted with<br>Command duration or timeout: 30.07 seconds<br>Build info: version: '2.32.0', revision: '6c40c18', time: '2013-04-09 17:22:56'<br>System info: os.name: 'Mac OS X', os.arch: 'x86_64', os.version: '10.7.5', java.version: '1.6.0_45'<br>Session ID: 51cd0c55-8fe2-b24c-a632-445a682bb897<br>Driver info: org.openqa.selenium.firefox.FirefoxDriver<br>Capabilities [{platform=MAC, acceptSslCerts=true, javascriptEnabled=true, browserName=firefox, rotatable=false, locationContextEnabled=true, version=20.0, cssSelectorsEnabled=true, databaseEnabled=true, handlesAlerts=true, browserConnectionEnabled=true, nativeEvents=false, webStorageEnabled=true, applicationCacheEnabled=true, takesScreenshot=true}]<br>	at java.lang.reflect.Constructor.newInstance(Constructor.java:513)<br>	at org.openqa.selenium.remote.ErrorHandler.createThrowable(ErrorHandler.java:187)<br>	at org.openqa.selenium.remote.ErrorHandler.throwIfResponseFailed(ErrorHandler.java:145)<br>	at org.openqa.selenium.remote.RemoteWebDriver.execute(RemoteWebDriver.java:554)<br>	at org.openqa.selenium.remote.RemoteWebElement.execute(RemoteWebElement.java:268)<br>	at org.openqa.selenium.remote.RemoteWebElement.clear(RemoteWebElement.java:113)<br>	at Core.UserRegistrationFunction.Common.UserRegistrationFunction.CCDetials(UserRegistrationFunction.java:14)<br>	at UserAuthentication.UserRegistration.RegisterToXidioApplicationUsingValidCredentials.testUserRegistration(RegisterToXidioApplicationUsingValidCredentials.java:39)<br>Caused by: org.openqa.selenium.remote.ErrorHandler$UnknownServerException: Element is not currently visible and so may not be interacted with<br>Build info: version: '2.32.0', revision: '6c40c18', time: '2013-04-09 17:22:56'<br>System info: os.name: 'Mac OS X', os.arch: 'x86_64', os.version: '10.7.5', java.version: '1.6.0_45'<br>Driver info: driver.version: unknown<br>	at &lt;anonymous class&gt;.fxdriver.preconditions.visible(file:///var/folders/wv/kv98qhfj6v36b2h0fkf_l66w0000gn/T/anonymous3022121882939882430webdriver-profile/extensions/fxdriver@googlecode.com/components/command_processor.js:7682)<br>	at &lt;anonymous class&gt;.DelayedCommand.prototype.checkPreconditions_(file:///var/folders/wv/kv98qhfj6v36b2h0fkf_l66w0000gn/T/anonymous3022121882939882430webdriver-profile/extensions/fxdriver@googlecode.com/components/command_processor.js:10402)<br>	at &lt;anonymous class&gt;.DelayedCommand.prototype.executeInternal_/h(file:///var/folders/wv/kv98qhfj6v36b2h0fkf_l66w0000gn/T/anonymous3022121882939882430webdriver-profile/extensions/fxdriver@googlecode.com/components/command_processor.js:10421)<br>	at &lt;anonymous class&gt;.fxdriver.Timer.prototype.setTimeout/&lt;.notify(file:///var/folders/wv/kv98qhfj6v36b2h0fkf_l66w0000gn/T/anonymous3022121882939882430webdriver-profile/extensions/fxdriver@googlecode.com/components/command_processor.js:386)<br>
</code></td><td>52.328</td>
</tr>
<tr valign="top" class="TableRowColor">
<td><a href="SuiteRunner/1_runTestSuite.html">runTestSuite</a></td><td><a name="testRegisterToXidioApplicationWithoutEnteringAddress"></a><a href="SuiteRunner/1_runTestSuite.html#testRegisterToXidioApplicationWithoutEnteringAddress">testRegisterToXidioApplicationWithoutEnteringAddress</a></td><td>Success</td><td></td><td>8.888</td>
</tr>
<tr valign="top" class="TableRowColor">
<td><a href="SuiteRunner/1_runTestSuite.html">runTestSuite</a></td><td><a name="testRegisterToXidioApplicationWithoutEnteringCity"></a><a href="SuiteRunner/1_runTestSuite.html#testRegisterToXidioApplicationWithoutEnteringCity">testRegisterToXidioApplicationWithoutEnteringCity</a></td><td>Success</td><td></td><td>9.322</td>
</tr>
<tr valign="top" class="TableRowColor">
<td><a href="SuiteRunner/1_runTestSuite.html">runTestSuite</a></td><td><a name="testRegisterToXidioApplicationWithoutEnteringEmail"></a><a href="SuiteRunner/1_runTestSuite.html#testRegisterToXidioApplicationWithoutEnteringEmail">testRegisterToXidioApplicationWithoutEnteringEmail</a></td><td>Success</td><td></td><td>8.747</td>
</tr>
<tr valign="top" class="TableRowColor">
<td><a href="SuiteRunner/1_runTestSuite.html">runTestSuite</a></td><td><a name="testRegisterToXidioApplicationWithoutFirstName"></a><a href="SuiteRunner/1_runTestSuite.html#testRegisterToXidioApplicationWithoutFirstName">testRegisterToXidioApplicationWithoutFirstName</a></td><td>Success</td><td></td><td>9.534</td>
</tr>
<tr valign="top" class="TableRowColor">
<td><a href="SuiteRunner/1_runTestSuite.html">runTestSuite</a></td><td><a name="testRegisterToXidioApplicationWithoutLastName"></a><a href="SuiteRunner/1_runTestSuite.html#testRegisterToXidioApplicationWithoutLastName">testRegisterToXidioApplicationWithoutLastName</a></td><td>Success</td><td></td><td>9.198</td>
</tr>
<tr valign="top" class="TableRowColor">
<td><a href="SuiteRunner/1_runTestSuite.html">runTestSuite</a></td><td><a name="testRegisterToXidioApplicationWithoutEnteringMobileNumber"></a><a href="SuiteRunner/1_runTestSuite.html#testRegisterToXidioApplicationWithoutEnteringMobileNumber">testRegisterToXidioApplicationWithoutEnteringMobileNumber</a></td><td>Success</td><td></td><td>8.454</td>
</tr>
<tr valign="top" class="TableRowColor">
<td><a href="SuiteRunner/1_runTestSuite.html">runTestSuite</a></td><td><a name="testRegisterToXidioApplicationWithoutEnteringPassword"></a><a href="SuiteRunner/1_runTestSuite.html#testRegisterToXidioApplicationWithoutEnteringPassword">testRegisterToXidioApplicationWithoutEnteringPassword</a></td><td>Success</td><td></td><td>7.453</td>
</tr>
<tr valign="top" class="TableRowColor">
<td><a href="SuiteRunner/1_runTestSuite.html">runTestSuite</a></td><td><a name="testRegisterToXidioApplicationWithoutEnteringZip"></a><a href="SuiteRunner/1_runTestSuite.html#testRegisterToXidioApplicationWithoutEnteringZip">testRegisterToXidioApplicationWithoutEnteringZip</a></td><td>Success</td><td></td><td>8.891</td>
</tr>
<tr valign="top" class="TableRowColor">
<td><a href="SuiteRunner/1_runTestSuite.html">runTestSuite</a></td><td><a name="testRegistrationToXidioApplicationWithValidCredentialByDeclingTermAndCondition"></a><a href="SuiteRunner/1_runTestSuite.html#testRegistrationToXidioApplicationWithValidCredentialByDeclingTermAndCondition">testRegistrationToXidioApplicationWithValidCredentialByDeclingTermAndCondition</a></td><td>Success</td><td></td><td>11.487</td>
</tr>
<tr valign="top" class="Error">
<td><a href="SuiteRunner/1_runTestSuite.html">runTestSuite</a></td><td><a name="testValidateCurrentPasswordWhenChangingPassword"></a><a href="SuiteRunner/1_runTestSuite.html#testValidateCurrentPasswordWhenChangingPassword">testValidateCurrentPasswordWhenChangingPassword</a></td><td>Error</td><td>Element is not currently visible and so may not be interacted with
Command duration or timeout: 30.05 seconds
Build info: version: '2.32.0', revision: '6c40c18', time: '2013-04-09 17:22:56'
System info: os.name: 'Mac OS X', os.arch: 'x86_64', os.version: '10.7.5', java.version: '1.6.0_45'
Session ID: 3cfdc3c3-d78d-3947-a163-e3c7117a98ce
Driver info: org.openqa.selenium.firefox.FirefoxDriver
Capabilities [{platform=MAC, acceptSslCerts=true, javascriptEnabled=true, browserName=firefox, rotatable=false, locationContextEnabled=true, version=20.0, cssSelectorsEnabled=true, databaseEnabled=true, handlesAlerts=true, browserConnectionEnabled=true, nativeEvents=false, webStorageEnabled=true, applicationCacheEnabled=true, takesScreenshot=true}]<br>
<br>
<code>org.openqa.selenium.ElementNotVisibleException: Element is not currently visible and so may not be interacted with<br>Command duration or timeout: 30.05 seconds<br>Build info: version: '2.32.0', revision: '6c40c18', time: '2013-04-09 17:22:56'<br>System info: os.name: 'Mac OS X', os.arch: 'x86_64', os.version: '10.7.5', java.version: '1.6.0_45'<br>Session ID: 3cfdc3c3-d78d-3947-a163-e3c7117a98ce<br>Driver info: org.openqa.selenium.firefox.FirefoxDriver<br>Capabilities [{platform=MAC, acceptSslCerts=true, javascriptEnabled=true, browserName=firefox, rotatable=false, locationContextEnabled=true, version=20.0, cssSelectorsEnabled=true, databaseEnabled=true, handlesAlerts=true, browserConnectionEnabled=true, nativeEvents=false, webStorageEnabled=true, applicationCacheEnabled=true, takesScreenshot=true}]<br>	at java.lang.reflect.Constructor.newInstance(Constructor.java:513)<br>	at org.openqa.selenium.remote.ErrorHandler.createThrowable(ErrorHandler.java:187)<br>	at org.openqa.selenium.remote.ErrorHandler.throwIfResponseFailed(ErrorHandler.java:145)<br>	at org.openqa.selenium.remote.RemoteWebDriver.execute(RemoteWebDriver.java:554)<br>	at org.openqa.selenium.remote.RemoteWebElement.execute(RemoteWebElement.java:268)<br>	at org.openqa.selenium.remote.RemoteWebElement.clear(RemoteWebElement.java:113)<br>	at Core.UserRegistrationFunction.Common.UserRegistrationFunction.CCDetials(UserRegistrationFunction.java:14)<br>	at DataServices.UserRegistrationUsingComcast.UserRegistrationUsingComcast.testUserRegistrationUsingComcast(UserRegistrationUsingComcast.java:33)<br>	at ProfileManagement.ChangePassword.ValidateCurrentPasswordWhenChangingPassword.testValidateCurrentPasswordWhenChangingPassword(ValidateCurrentPasswordWhenChangingPassword.java:18)<br>Caused by: org.openqa.selenium.remote.ErrorHandler$UnknownServerException: Element is not currently visible and so may not be interacted with<br>Build info: version: '2.32.0', revision: '6c40c18', time: '2013-04-09 17:22:56'<br>System info: os.name: 'Mac OS X', os.arch: 'x86_64', os.version: '10.7.5', java.version: '1.6.0_45'<br>Driver info: driver.version: unknown<br>	at &lt;anonymous class&gt;.fxdriver.preconditions.visible(file:///var/folders/wv/kv98qhfj6v36b2h0fkf_l66w0000gn/T/anonymous6551169701907833935webdriver-profile/extensions/fxdriver@googlecode.com/components/command_processor.js:7682)<br>	at &lt;anonymous class&gt;.DelayedCommand.prototype.checkPreconditions_(file:///var/folders/wv/kv98qhfj6v36b2h0fkf_l66w0000gn/T/anonymous6551169701907833935webdriver-profile/extensions/fxdriver@googlecode.com/components/command_processor.js:10402)<br>	at &lt;anonymous class&gt;.DelayedCommand.prototype.executeInternal_/h(file:///var/folders/wv/kv98qhfj6v36b2h0fkf_l66w0000gn/T/anonymous6551169701907833935webdriver-profile/extensions/fxdriver@googlecode.com/components/command_processor.js:10421)<br>	at &lt;anonymous class&gt;.fxdriver.Timer.prototype.setTimeout/&lt;.notify(file:///var/folders/wv/kv98qhfj6v36b2h0fkf_l66w0000gn/T/anonymous6551169701907833935webdriver-profile/extensions/fxdriver@googlecode.com/components/command_processor.js:386)<br>
</code></td><td>51.710</td>
</tr>
<tr valign="top" class="Error">
<td><a href="SuiteRunner/1_runTestSuite.html">runTestSuite</a></td><td><a name="testVerifyPasswordChangeWorks"></a><a href="SuiteRunner/1_runTestSuite.html#testVerifyPasswordChangeWorks">testVerifyPasswordChangeWorks</a></td><td>Error</td><td>Element is not currently visible and so may not be interacted with
Command duration or timeout: 30.05 seconds
Build info: version: '2.32.0', revision: '6c40c18', time: '2013-04-09 17:22:56'
System info: os.name: 'Mac OS X', os.arch: 'x86_64', os.version: '10.7.5', java.version: '1.6.0_45'
Session ID: e34482ef-1bc6-584f-b3b7-74d00afbc48a
Driver info: org.openqa.selenium.firefox.FirefoxDriver
Capabilities [{platform=MAC, acceptSslCerts=true, javascriptEnabled=true, browserName=firefox, rotatable=false, locationContextEnabled=true, version=20.0, cssSelectorsEnabled=true, databaseEnabled=true, handlesAlerts=true, browserConnectionEnabled=true, nativeEvents=false, webStorageEnabled=true, applicationCacheEnabled=true, takesScreenshot=true}]<br>
<br>
<code>org.openqa.selenium.ElementNotVisibleException: Element is not currently visible and so may not be interacted with<br>Command duration or timeout: 30.05 seconds<br>Build info: version: '2.32.0', revision: '6c40c18', time: '2013-04-09 17:22:56'<br>System info: os.name: 'Mac OS X', os.arch: 'x86_64', os.version: '10.7.5', java.version: '1.6.0_45'<br>Session ID: e34482ef-1bc6-584f-b3b7-74d00afbc48a<br>Driver info: org.openqa.selenium.firefox.FirefoxDriver<br>Capabilities [{platform=MAC, acceptSslCerts=true, javascriptEnabled=true, browserName=firefox, rotatable=false, locationContextEnabled=true, version=20.0, cssSelectorsEnabled=true, databaseEnabled=true, handlesAlerts=true, browserConnectionEnabled=true, nativeEvents=false, webStorageEnabled=true, applicationCacheEnabled=true, takesScreenshot=true}]<br>	at java.lang.reflect.Constructor.newInstance(Constructor.java:513)<br>	at org.openqa.selenium.remote.ErrorHandler.createThrowable(ErrorHandler.java:187)<br>	at org.openqa.selenium.remote.ErrorHandler.throwIfResponseFailed(ErrorHandler.java:145)<br>	at org.openqa.selenium.remote.RemoteWebDriver.execute(RemoteWebDriver.java:554)<br>	at org.openqa.selenium.remote.RemoteWebElement.execute(RemoteWebElement.java:268)<br>	at org.openqa.selenium.remote.RemoteWebElement.clear(RemoteWebElement.java:113)<br>	at Core.UserRegistrationFunction.Common.UserRegistrationFunction.CCDetials(UserRegistrationFunction.java:14)<br>	at DataServices.UserRegistrationUsingComcast.UserRegistrationUsingComcast.testUserRegistrationUsingComcast(UserRegistrationUsingComcast.java:33)<br>	at ProfileManagement.ChangePassword.VerifyPasswordChangeWorks.testVerifyPasswordChangeWorks(VerifyPasswordChangeWorks.java:18)<br>Caused by: org.openqa.selenium.remote.ErrorHandler$UnknownServerException: Element is not currently visible and so may not be interacted with<br>Build info: version: '2.32.0', revision: '6c40c18', time: '2013-04-09 17:22:56'<br>System info: os.name: 'Mac OS X', os.arch: 'x86_64', os.version: '10.7.5', java.version: '1.6.0_45'<br>Driver info: driver.version: unknown<br>	at &lt;anonymous class&gt;.fxdriver.preconditions.visible(file:///var/folders/wv/kv98qhfj6v36b2h0fkf_l66w0000gn/T/anonymous1484829998119163467webdriver-profile/extensions/fxdriver@googlecode.com/components/command_processor.js:7682)<br>	at &lt;anonymous class&gt;.DelayedCommand.prototype.checkPreconditions_(file:///var/folders/wv/kv98qhfj6v36b2h0fkf_l66w0000gn/T/anonymous1484829998119163467webdriver-profile/extensions/fxdriver@googlecode.com/components/command_processor.js:10402)<br>	at &lt;anonymous class&gt;.DelayedCommand.prototype.executeInternal_/h(file:///var/folders/wv/kv98qhfj6v36b2h0fkf_l66w0000gn/T/anonymous1484829998119163467webdriver-profile/extensions/fxdriver@googlecode.com/components/command_processor.js:10421)<br>	at &lt;anonymous class&gt;.fxdriver.Timer.prototype.setTimeout/&lt;.notify(file:///var/folders/wv/kv98qhfj6v36b2h0fkf_l66w0000gn/T/anonymous1484829998119163467webdriver-profile/extensions/fxdriver@googlecode.com/components/command_processor.js:386)<br>
</code></td><td>53.451</td>
</tr>
<tr valign="top" class="TableRowColor">
<td><a href="SuiteRunner/1_runTestSuite.html">runTestSuite</a></td><td><a name="testVefiryChangePaymentInfoDetailsUpdatedSuccessfully"></a><a href="SuiteRunner/1_runTestSuite.html#testVefiryChangePaymentInfoDetailsUpdatedSuccessfully">testVefiryChangePaymentInfoDetailsUpdatedSuccessfully</a></td><td>Success</td><td></td><td>17.527</td>
</tr>
<tr valign="top" class="Error">
<td><a href="SuiteRunner/1_runTestSuite.html">runTestSuite</a></td><td><a name="testVerifyChangePinCodeDetailsUpdatedSuccessfully"></a><a href="SuiteRunner/1_runTestSuite.html#testVerifyChangePinCodeDetailsUpdatedSuccessfully">testVerifyChangePinCodeDetailsUpdatedSuccessfully</a></td><td>Error</td><td>Element is not currently visible and so may not be interacted with
Command duration or timeout: 30.09 seconds
Build info: version: '2.32.0', revision: '6c40c18', time: '2013-04-09 17:22:56'
System info: os.name: 'Mac OS X', os.arch: 'x86_64', os.version: '10.7.5', java.version: '1.6.0_45'
Session ID: 93f38f0c-6e14-6a42-8a23-959ff3e2cb33
Driver info: org.openqa.selenium.firefox.FirefoxDriver
Capabilities [{platform=MAC, acceptSslCerts=true, javascriptEnabled=true, browserName=firefox, rotatable=false, locationContextEnabled=true, version=20.0, cssSelectorsEnabled=true, databaseEnabled=true, handlesAlerts=true, browserConnectionEnabled=true, nativeEvents=false, webStorageEnabled=true, applicationCacheEnabled=true, takesScreenshot=true}]<br>
<br>
<code>org.openqa.selenium.ElementNotVisibleException: Element is not currently visible and so may not be interacted with<br>Command duration or timeout: 30.09 seconds<br>Build info: version: '2.32.0', revision: '6c40c18', time: '2013-04-09 17:22:56'<br>System info: os.name: 'Mac OS X', os.arch: 'x86_64', os.version: '10.7.5', java.version: '1.6.0_45'<br>Session ID: 93f38f0c-6e14-6a42-8a23-959ff3e2cb33<br>Driver info: org.openqa.selenium.firefox.FirefoxDriver<br>Capabilities [{platform=MAC, acceptSslCerts=true, javascriptEnabled=true, browserName=firefox, rotatable=false, locationContextEnabled=true, version=20.0, cssSelectorsEnabled=true, databaseEnabled=true, handlesAlerts=true, browserConnectionEnabled=true, nativeEvents=false, webStorageEnabled=true, applicationCacheEnabled=true, takesScreenshot=true}]<br>	at java.lang.reflect.Constructor.newInstance(Constructor.java:513)<br>	at org.openqa.selenium.remote.ErrorHandler.createThrowable(ErrorHandler.java:187)<br>	at org.openqa.selenium.remote.ErrorHandler.throwIfResponseFailed(ErrorHandler.java:145)<br>	at org.openqa.selenium.remote.RemoteWebDriver.execute(RemoteWebDriver.java:554)<br>	at org.openqa.selenium.remote.RemoteWebElement.execute(RemoteWebElement.java:268)<br>	at org.openqa.selenium.remote.RemoteWebElement.clear(RemoteWebElement.java:113)<br>	at Core.UserRegistrationFunction.Common.UserRegistrationFunction.CCDetials(UserRegistrationFunction.java:14)<br>	at DataServices.UserRegistrationUsingComcast.UserRegistrationUsingComcast.testUserRegistrationUsingComcast(UserRegistrationUsingComcast.java:33)<br>	at ProfileManagement.ChangePin.VerifyChangePinCodeDetailsUpdatedSuccessfully.testVerifyChangePinCodeDetailsUpdatedSuccessfully(VerifyChangePinCodeDetailsUpdatedSuccessfully.java:18)<br>Caused by: org.openqa.selenium.remote.ErrorHandler$UnknownServerException: Element is not currently visible and so may not be interacted with<br>Build info: version: '2.32.0', revision: '6c40c18', time: '2013-04-09 17:22:56'<br>System info: os.name: 'Mac OS X', os.arch: 'x86_64', os.version: '10.7.5', java.version: '1.6.0_45'<br>Driver info: driver.version: unknown<br>	at &lt;anonymous class&gt;.fxdriver.preconditions.visible(file:///var/folders/wv/kv98qhfj6v36b2h0fkf_l66w0000gn/T/anonymous3298608816627982431webdriver-profile/extensions/fxdriver@googlecode.com/components/command_processor.js:7682)<br>	at &lt;anonymous class&gt;.DelayedCommand.prototype.checkPreconditions_(file:///var/folders/wv/kv98qhfj6v36b2h0fkf_l66w0000gn/T/anonymous3298608816627982431webdriver-profile/extensions/fxdriver@googlecode.com/components/command_processor.js:10402)<br>	at &lt;anonymous class&gt;.DelayedCommand.prototype.executeInternal_/h(file:///var/folders/wv/kv98qhfj6v36b2h0fkf_l66w0000gn/T/anonymous3298608816627982431webdriver-profile/extensions/fxdriver@googlecode.com/components/command_processor.js:10421)<br>	at &lt;anonymous class&gt;.fxdriver.Timer.prototype.setTimeout/&lt;.notify(file:///var/folders/wv/kv98qhfj6v36b2h0fkf_l66w0000gn/T/anonymous3298608816627982431webdriver-profile/extensions/fxdriver@googlecode.com/components/command_processor.js:386)<br>
</code></td><td>53.052</td>
</tr>
<tr valign="top" class="Failure">
<td><a href="SuiteRunner/1_runTestSuite.html">runTestSuite</a></td><td><a name="testEditXidioAddressInProfileManagement"></a><a href="SuiteRunner/1_runTestSuite.html#testEditXidioAddressInProfileManagement">testEditXidioAddressInProfileManagement</a></td><td>Failure</td><td>N/A<br>
<br>
<code>junit.framework.AssertionFailedError<br>	at ProfileManagement.EditProfile.EditXidioAddressInProfileManagement.testEditXidioAddressInProfileManagement(EditXidioAddressInProfileManagement.java:26)<br>
</code></td><td>8.399</td>
</tr>
<tr valign="top" class="Failure">
<td><a href="SuiteRunner/1_runTestSuite.html">runTestSuite</a></td><td><a name="testEditXidioCityInProfileManagement"></a><a href="SuiteRunner/1_runTestSuite.html#testEditXidioCityInProfileManagement">testEditXidioCityInProfileManagement</a></td><td>Failure</td><td>N/A<br>
<br>
<code>junit.framework.AssertionFailedError<br>	at ProfileManagement.EditProfile.EditXidioCityInProfileManagement.testEditXidioCityInProfileManagement(EditXidioCityInProfileManagement.java:30)<br>
</code></td><td>9.128</td>
</tr>
<tr valign="top" class="Failure">
<td><a href="SuiteRunner/1_runTestSuite.html">runTestSuite</a></td><td><a name="testEditXidioLastNameInProfileManagement"></a><a href="SuiteRunner/1_runTestSuite.html#testEditXidioLastNameInProfileManagement">testEditXidioLastNameInProfileManagement</a></td><td>Failure</td><td>expected:&lt;[X]idio&gt; but was:&lt;[x]idio&gt;<br>
<br>
<code>junit.framework.AssertionFailedError: expected:&lt;[X]idio&gt; but was:&lt;[x]idio&gt;<br>	at ProfileManagement.EditProfile.EditXidioLastNameInProfileManagement.testEditXidioLastNameInProfileManagement(EditXidioLastNameInProfileManagement.java:35)<br>
</code></td><td>16.958</td>
</tr>
<tr valign="top" class="Failure">
<td><a href="SuiteRunner/1_runTestSuite.html">runTestSuite</a></td><td><a name="testEditXidioStateInProfileManagement"></a><a href="SuiteRunner/1_runTestSuite.html#testEditXidioStateInProfileManagement">testEditXidioStateInProfileManagement</a></td><td>Failure</td><td>N/A<br>
<br>
<code>junit.framework.AssertionFailedError<br>	at ProfileManagement.EditProfile.EditXidioStateInProfileManagement.testEditXidioStateInProfileManagement(EditXidioStateInProfileManagement.java:28)<br>
</code></td><td>13.175</td>
</tr>
<tr valign="top" class="TableRowColor">
<td><a href="SuiteRunner/1_runTestSuite.html">runTestSuite</a></td><td><a name="testEditXidioUserNameInProfileManagement"></a><a href="SuiteRunner/1_runTestSuite.html#testEditXidioUserNameInProfileManagement">testEditXidioUserNameInProfileManagement</a></td><td>Success</td><td></td><td>11.078</td>
</tr>
<tr valign="top" class="Failure">
<td><a href="SuiteRunner/1_runTestSuite.html">runTestSuite</a></td><td><a name="testEditXidioZipInProfileManagement"></a><a href="SuiteRunner/1_runTestSuite.html#testEditXidioZipInProfileManagement">testEditXidioZipInProfileManagement</a></td><td>Failure</td><td>N/A<br>
<br>
<code>junit.framework.AssertionFailedError<br>	at ProfileManagement.EditProfile.EditXidioZipInProfileManagement.testEditXidioZipInProfileManagement(EditXidioZipInProfileManagement.java:31)<br>
</code></td><td>10.775</td>
</tr>
<tr valign="top" class="Failure">
<td><a href="SuiteRunner/1_runTestSuite.html">runTestSuite</a></td><td><a name="testValidateUserNameFieldByDeletingValueInPM"></a><a href="SuiteRunner/1_runTestSuite.html#testValidateUserNameFieldByDeletingValueInPM">testValidateUserNameFieldByDeletingValueInPM</a></td><td>Failure</td><td>N/A<br>
<br>
<code>junit.framework.AssertionFailedError<br>	at ProfileManagement.EditProfile.ValidateUNameFieldByDeletingValueInPaymentManagement.testValidateUserNameFieldByDeletingValueInPM(ValidateUNameFieldByDeletingValueInPaymentManagement.java:24)<br>
</code></td><td>9.116</td>
</tr>
<tr valign="top" class="TableRowColor">
<td><a href="SuiteRunner/1_runTestSuite.html">runTestSuite</a></td><td><a name="testResetTheXidioPassword"></a><a href="SuiteRunner/1_runTestSuite.html#testResetTheXidioPassword">testResetTheXidioPassword</a></td><td>Success</td><td></td><td>8.105</td>
</tr>
<tr valign="top" class="TableRowColor">
<td><a href="SuiteRunner/1_runTestSuite.html">runTestSuite</a></td><td><a name="testResetTheXidioPasswordWithWrongEmail"></a><a href="SuiteRunner/1_runTestSuite.html#testResetTheXidioPasswordWithWrongEmail">testResetTheXidioPasswordWithWrongEmail</a></td><td>Success</td><td></td><td>7.796</td>
</tr>
<tr valign="top" class="TableRowColor">
<td><a href="SuiteRunner/1_runTestSuite.html">runTestSuite</a></td><td><a name="testResetXidioPasswordWithoutProvidingEmailID"></a><a href="SuiteRunner/1_runTestSuite.html#testResetXidioPasswordWithoutProvidingEmailID">testResetXidioPasswordWithoutProvidingEmailID</a></td><td>Success</td><td></td><td>7.415</td>
</tr>
<tr valign="top" class="TableRowColor">
<td><a href="SuiteRunner/1_runTestSuite.html">runTestSuite</a></td><td><a name="testLoginToXidioApplicationUsingInValidPassword"></a><a href="SuiteRunner/1_runTestSuite.html#testLoginToXidioApplicationUsingInValidPassword">testLoginToXidioApplicationUsingInValidPassword</a></td><td>Success</td><td></td><td>8.394</td>
</tr>
<tr valign="top" class="TableRowColor">
<td><a href="SuiteRunner/1_runTestSuite.html">runTestSuite</a></td><td><a name="testLoginToXidioApplicationUsingInValidUName"></a><a href="SuiteRunner/1_runTestSuite.html#testLoginToXidioApplicationUsingInValidUName">testLoginToXidioApplicationUsingInValidUName</a></td><td>Success</td><td></td><td>6.238</td>
</tr>
<tr valign="top" class="TableRowColor">
<td><a href="SuiteRunner/1_runTestSuite.html">runTestSuite</a></td><td><a name="testLoginToCamcast"></a><a href="SuiteRunner/1_runTestSuite.html#testLoginToCamcast">testLoginToCamcast</a></td><td>Success</td><td></td><td>8.484</td>
</tr>
<tr valign="top" class="Error">
<td><a href="SuiteRunner/1_runTestSuite.html">runTestSuite</a></td><td><a name="testVerifyFeedbackSubmitedSuccessfully"></a><a href="SuiteRunner/1_runTestSuite.html#testVerifyFeedbackSubmitedSuccessfully">testVerifyFeedbackSubmitedSuccessfully</a></td><td>Error</td><td>Unable to locate element: {"method":"name","selector":"old_password"}
Command duration or timeout: 30.03 seconds
For documentation on this error, please visit: http://seleniumhq.org/exceptions/no_such_element.html
Build info: version: '2.32.0', revision: '6c40c18', time: '2013-04-09 17:22:56'
System info: os.name: 'Mac OS X', os.arch: 'x86_64', os.version: '10.7.5', java.version: '1.6.0_45'
Session ID: 841348b2-a0ae-3e4d-8a88-7e90ec26d39f
Driver info: org.openqa.selenium.firefox.FirefoxDriver
Capabilities [{platform=MAC, acceptSslCerts=true, javascriptEnabled=true, browserName=firefox, rotatable=false, locationContextEnabled=true, version=20.0, cssSelectorsEnabled=true, databaseEnabled=true, handlesAlerts=true, browserConnectionEnabled=true, nativeEvents=false, webStorageEnabled=true, applicationCacheEnabled=true, takesScreenshot=true}]<br>
<br>
<code>org.openqa.selenium.NoSuchElementException: Unable to locate element: {"method":"name","selector":"old_password"}<br>Command duration or timeout: 30.03 seconds<br>For documentation on this error, please visit: http://seleniumhq.org/exceptions/no_such_element.html<br>Build info: version: '2.32.0', revision: '6c40c18', time: '2013-04-09 17:22:56'<br>System info: os.name: 'Mac OS X', os.arch: 'x86_64', os.version: '10.7.5', java.version: '1.6.0_45'<br>Session ID: 841348b2-a0ae-3e4d-8a88-7e90ec26d39f<br>Driver info: org.openqa.selenium.firefox.FirefoxDriver<br>Capabilities [{platform=MAC, acceptSslCerts=true, javascriptEnabled=true, browserName=firefox, rotatable=false, locationContextEnabled=true, version=20.0, cssSelectorsEnabled=true, databaseEnabled=true, handlesAlerts=true, browserConnectionEnabled=true, nativeEvents=false, webStorageEnabled=true, applicationCacheEnabled=true, takesScreenshot=true}]<br>	at java.lang.reflect.Constructor.newInstance(Constructor.java:513)<br>	at org.openqa.selenium.remote.ErrorHandler.createThrowable(ErrorHandler.java:187)<br>	at org.openqa.selenium.remote.ErrorHandler.throwIfResponseFailed(ErrorHandler.java:145)<br>	at org.openqa.selenium.remote.RemoteWebDriver.execute(RemoteWebDriver.java:554)<br>	at org.openqa.selenium.remote.RemoteWebDriver.findElement(RemoteWebDriver.java:307)<br>	at org.openqa.selenium.remote.RemoteWebDriver.findElementByName(RemoteWebDriver.java:380)<br>	at org.openqa.selenium.By$ByName.findElement(By.java:292)<br>	at org.openqa.selenium.remote.RemoteWebDriver.findElement(RemoteWebDriver.java:299)<br>	at VideoManagement.VideoSearchFunctionality.FeedBack.VerifyFeedbackSubmitedSuccessfully.testVerifyFeedbackSubmitedSuccessfully(VerifyFeedbackSubmitedSuccessfully.java:23)<br>Caused by: org.openqa.selenium.remote.ErrorHandler$UnknownServerException: Unable to locate element: {"method":"name","selector":"old_password"}<br>Build info: version: '2.32.0', revision: '6c40c18', time: '2013-04-09 17:22:56'<br>System info: os.name: 'Mac OS X', os.arch: 'x86_64', os.version: '10.7.5', java.version: '1.6.0_45'<br>Driver info: driver.version: unknown<br>	at &lt;anonymous class&gt;.FirefoxDriver.prototype.findElementInternal_(file:///var/folders/wv/kv98qhfj6v36b2h0fkf_l66w0000gn/T/anonymous2191770659540168071webdriver-profile/extensions/fxdriver@googlecode.com/components/driver_component.js:8405)<br>	at &lt;anonymous class&gt;.fxdriver.Timer.prototype.setTimeout/&lt;.notify(file:///var/folders/wv/kv98qhfj6v36b2h0fkf_l66w0000gn/T/anonymous2191770659540168071webdriver-profile/extensions/fxdriver@googlecode.com/components/driver_component.js:386)<br>
</code></td><td>35.750</td>
</tr>
<tr valign="top" class="TableRowColor">
<td><a href="SuiteRunner/1_runTestSuite.html">runTestSuite</a></td><td><a name="testEnsureSearchChannelStoreIsWorkingFine"></a><a href="SuiteRunner/1_runTestSuite.html#testEnsureSearchChannelStoreIsWorkingFine">testEnsureSearchChannelStoreIsWorkingFine</a></td><td>Success</td><td></td><td>13.420</td>
</tr>
<tr valign="top" class="Error">
<td><a href="SuiteRunner/1_runTestSuite.html">runTestSuite</a></td><td><a name="testVerifySelectedCategoryAndSubCategoryVideosAreDisplayed"></a><a href="SuiteRunner/1_runTestSuite.html#testVerifySelectedCategoryAndSubCategoryVideosAreDisplayed">testVerifySelectedCategoryAndSubCategoryVideosAreDisplayed</a></td><td>Error</td><td>Unable to locate element: {"method":"link text","selector":"Indie"}
Command duration or timeout: 33.91 seconds
For documentation on this error, please visit: http://seleniumhq.org/exceptions/no_such_element.html
Build info: version: '2.32.0', revision: '6c40c18', time: '2013-04-09 17:22:56'
System info: os.name: 'Mac OS X', os.arch: 'x86_64', os.version: '10.7.5', java.version: '1.6.0_45'
Session ID: fe57d544-8c49-de47-b8fd-878db2dc2144
Driver info: org.openqa.selenium.firefox.FirefoxDriver
Capabilities [{platform=MAC, acceptSslCerts=true, javascriptEnabled=true, browserName=firefox, rotatable=false, locationContextEnabled=true, version=20.0, cssSelectorsEnabled=true, databaseEnabled=true, handlesAlerts=true, browserConnectionEnabled=true, nativeEvents=false, webStorageEnabled=true, applicationCacheEnabled=true, takesScreenshot=true}]<br>
<br>
<code>org.openqa.selenium.NoSuchElementException: Unable to locate element: {"method":"link text","selector":"Indie"}<br>Command duration or timeout: 33.91 seconds<br>For documentation on this error, please visit: http://seleniumhq.org/exceptions/no_such_element.html<br>Build info: version: '2.32.0', revision: '6c40c18', time: '2013-04-09 17:22:56'<br>System info: os.name: 'Mac OS X', os.arch: 'x86_64', os.version: '10.7.5', java.version: '1.6.0_45'<br>Session ID: fe57d544-8c49-de47-b8fd-878db2dc2144<br>Driver info: org.openqa.selenium.firefox.FirefoxDriver<br>Capabilities [{platform=MAC, acceptSslCerts=true, javascriptEnabled=true, browserName=firefox, rotatable=false, locationContextEnabled=true, version=20.0, cssSelectorsEnabled=true, databaseEnabled=true, handlesAlerts=true, browserConnectionEnabled=true, nativeEvents=false, webStorageEnabled=true, applicationCacheEnabled=true, takesScreenshot=true}]<br>	at java.lang.reflect.Constructor.newInstance(Constructor.java:513)<br>	at org.openqa.selenium.remote.ErrorHandler.createThrowable(ErrorHandler.java:187)<br>	at org.openqa.selenium.remote.ErrorHandler.throwIfResponseFailed(ErrorHandler.java:145)<br>	at org.openqa.selenium.remote.RemoteWebDriver.execute(RemoteWebDriver.java:554)<br>	at org.openqa.selenium.remote.RemoteWebDriver.findElement(RemoteWebDriver.java:307)<br>	at org.openqa.selenium.remote.RemoteWebDriver.findElementByLinkText(RemoteWebDriver.java:356)<br>	at org.openqa.selenium.By$ByLinkText.findElement(By.java:241)<br>	at org.openqa.selenium.remote.RemoteWebDriver.findElement(RemoteWebDriver.java:299)<br>	at VideoManagement.VideoSearchFunctionality.SearchVideoByCategory.VerifySelectedCategoryAndSubCategoryVideosAreDisplayed.testVerifySelectedCategoryAndSubCategoryVideosAreDisplayed(VerifySelectedCategoryAndSubCategoryVideosAreDisplayed.java:24)<br>Caused by: org.openqa.selenium.remote.ErrorHandler$UnknownServerException: Unable to locate element: {"method":"link text","selector":"Indie"}<br>Build info: version: '2.32.0', revision: '6c40c18', time: '2013-04-09 17:22:56'<br>System info: os.name: 'Mac OS X', os.arch: 'x86_64', os.version: '10.7.5', java.version: '1.6.0_45'<br>Driver info: driver.version: unknown<br>	at &lt;anonymous class&gt;.FirefoxDriver.prototype.findElementInternal_(file:///var/folders/wv/kv98qhfj6v36b2h0fkf_l66w0000gn/T/anonymous4808736804855554355webdriver-profile/extensions/fxdriver@googlecode.com/components/driver_component.js:8405)<br>	at &lt;anonymous class&gt;.fxdriver.Timer.prototype.setTimeout/&lt;.notify(file:///var/folders/wv/kv98qhfj6v36b2h0fkf_l66w0000gn/T/anonymous4808736804855554355webdriver-profile/extensions/fxdriver@googlecode.com/components/driver_component.js:386)<br>
</code></td><td>43.595</td>
</tr>
<tr valign="top" class="Failure">
<td><a href="SuiteRunner/1_runTestSuite.html">runTestSuite</a></td><td><a name="testVerifySubcriptionOfPaidVideo"></a><a href="SuiteRunner/1_runTestSuite.html#testVerifySubcriptionOfPaidVideo">testVerifySubcriptionOfPaidVideo</a></td><td>Failure</td><td>N/A<br>
<br>
<code>junit.framework.AssertionFailedError<br>	at VideoManagement.VideoSearchFunctionality.SearchVideoByCategory.VerifySubcriptionOfPaidVideo.testVerifySubcriptionOfPaidVideo(VerifySubcriptionOfPaidVideo.java:26)<br>
</code></td><td>14.317</td>
</tr>
</table>
</body>
</html>
