<?xml version="1.0" encoding="UTF-8" ?>
<testsuites>
  <testsuite errors="0" failures="0" hostname="Adea-11.local" id="0" name="DemoClass_MB" package="Comcast_Demo" tests="1" time="130.88" timestamp="2013-05-09T13:42:20">
      <properties>
          <property name="java.vendor" value="Apple Inc." />

          <property name="env.JENKINS_SERVER_COOKIE" value="2951049d29589bf3" />

          <property name="sun.java.launcher" value="SUN_STANDARD" />

          <property name="jikes.class.path" value=":/System/Library/Java/JavaVirtualMachines/1.6.0.jdk/Contents/Home/../Classes/alt-rt.jar:/System/Library/Java/JavaVirtualMachines/1.6.0.jdk/Contents/Home/../Classes/alt-string.jar:/System/Library/Java/JavaVirtualMachines/1.6.0.jdk/Contents/Home/../Classes/charsets.jar:/System/Library/Java/JavaVirtualMachines/1.6.0.jdk/Contents/Home/../Classes/classes.jar:/System/Library/Java/JavaVirtualMachines/1.6.0.jdk/Contents/Home/../Classes/dt.jar:/System/Library/Java/JavaVirtualMachines/1.6.0.jdk/Contents/Home/../Classes/jce.jar:/System/Library/Java/JavaVirtualMachines/1.6.0.jdk/Contents/Home/../Classes/jconsole.jar:/System/Library/Java/JavaVirtualMachines/1.6.0.jdk/Contents/Home/../Classes/jsse.jar:/System/Library/Java/JavaVirtualMachines/1.6.0.jdk/Contents/Home/../Classes/management-agent.jar:/System/Library/Java/JavaVirtualMachines/1.6.0.jdk/Contents/Home/../Classes/ui.jar" />

          <property name="sun.management.compiler" value="HotSpot 64-Bit Tiered Compilers" />

          <property name="env.GEM_HOME" value="/usr/local/rvm/gems/ruby-1.9.3-p392@rails3tutorial" />

          <property name="os.name" value="Mac OS X" />

          <property name="sun.boot.class.path" value="/System/Library/Java/JavaVirtualMachines/1.6.0.jdk/Contents/Classes/jsfd.jar:/System/Library/Java/JavaVirtualMachines/1.6.0.jdk/Contents/Classes/classes.jar:/System/Library/Frameworks/JavaVM.framework/Frameworks/JavaRuntimeSupport.framework/Resources/Java/JavaRuntimeSupport.jar:/System/Library/Java/JavaVirtualMachines/1.6.0.jdk/Contents/Classes/ui.jar:/System/Library/Java/JavaVirtualMachines/1.6.0.jdk/Contents/Classes/laf.jar:/System/Library/Java/JavaVirtualMachines/1.6.0.jdk/Contents/Classes/sunrsasign.jar:/System/Library/Java/JavaVirtualMachines/1.6.0.jdk/Contents/Classes/jsse.jar:/System/Library/Java/JavaVirtualMachines/1.6.0.jdk/Contents/Classes/jce.jar:/System/Library/Java/JavaVirtualMachines/1.6.0.jdk/Contents/Classes/charsets.jar" />

          <property name="env.TMPDIR" value="/var/folders/wv/kv98qhfj6v36b2h0fkf_l66w0000gn/T/" />

          <property name="env.rvm_warn_clr" value="[33m" />

          <property name="env.Apple_Ubiquity_Message" value="/tmp/launch-RhMxj9/Apple_Ubiquity_Message" />

          <property name="env.PWD" value="/Volumes/Ankit/ComcastAutomation" />

          <property name="env.LANG" value="en_US.UTF-8" />

          <property name="java.vm.specification.vendor" value="Sun Microsystems Inc." />

          <property name="ant.home" value="/usr/share/ant" />

          <property name="java.runtime.version" value="1.6.0_45-b06-451-11M4406" />

          <property name="env.MY_RUBY_HOME" value="/usr/local/rvm/rubies/ruby-1.9.3-p392" />

          <property name="env.BUILD_DISPLAY_NAME" value="#24" />

          <property name="env.Apple_PubSub_Socket_Render" value="/tmp/launch-Xp1WpD/Render" />

          <property name="env.DISPLAY" value="/tmp/launch-KD2sfv/org.x:0" />

          <property name="env.rvm_version" value="1.18.10 (master)" />

          <property name="user.name" value="Valtech" />

          <property name="env.escape_flag" value="1" />

          <property name="env.USER" value="Valtech" />

          <property name="env.SHELL" value="/bin/bash" />

          <property name="env.JAVA_MAIN_CLASS_733" value="org.apache.tools.ant.launch.Launcher" />

          <property name="env.__CF_USER_TEXT_ENCODING" value="0x1F5:0:0" />

          <property name="awt.nativeDoubleBuffering" value="true" />

          <property name="env.PATH" value="/usr/local/rvm/gems/ruby-1.9.3-p392@rails3tutorial/bin:/usr/local/rvm/gems/ruby-1.9.3-p392@global/bin:/usr/local/rvm/rubies/ruby-1.9.3-p392/bin:/usr/local/rvm/bin:/usr/bin:/bin:/usr/sbin:/sbin:/usr/local/bin:/usr/X11/bin:/opt/sm/bin:/opt/sm/pkg/active/bin:/opt/sm/pkg/active/sbin" />

          <property name="env.rvm_debug_clr" value="[35m" />

          <property name="user.language" value="en" />

          <property name="env.rvm_prefix" value="/usr/local" />

          <property name="env.rvm_notify_clr" value="[32m" />

          <property name="sun.boot.library.path" value="/System/Library/Java/JavaVirtualMachines/1.6.0.jdk/Contents/Libraries" />

          <property name="ant.project.default-target" value="build" />

          <property name="ant.project.name" value="Selenium_Web_Driver" />

          <property name="env.rvm_path" value="/usr/local/rvm" />

          <property name="env.RUBY_VERSION" value="ruby-1.9.3-p392" />

          <property name="java.version" value="1.6.0_45" />

          <property name="user.timezone" value="" />

          <property name="env.NODE_NAME" value="master" />

          <property name="env._first" value="0" />

          <property name="sun.arch.data.model" value="64" />

          <property name="http.nonProxyHosts" value="local|*.local|169.254/16|*.169.254/16" />

          <property name="java.endorsed.dirs" value="/System/Library/Java/JavaVirtualMachines/1.6.0.jdk/Contents/Home/lib/endorsed" />

          <property name="sun.cpu.isalist" value="" />

          <property name="sun.jnu.encoding" value="MacRoman" />

          <property name="env.rvm_bin_path" value="/usr/local/rvm/bin" />

          <property name="file.encoding.pkg" value="sun.io" />

          <property name="env.SHLVL" value="2" />

          <property name="file.separator" value="/" />

          <property name="java.specification.name" value="Java Platform API Specification" />

          <property name="java.class.version" value="50.0" />

          <property name="user.country" value="US" />

          <property name="env.BUILD_NUMBER" value="24" />

          <property name="java.home" value="/System/Library/Java/JavaVirtualMachines/1.6.0.jdk/Contents/Home" />

          <property name="java.vm.info" value="mixed mode" />

          <property name="env.LOGNAME" value="Valtech" />

          <property name="ant.file" value="/Volumes/Ankit/ComcastAutomation/build.xml" />

          <property name="os.version" value="10.7.5" />

          <property name="env.HUDSON_COOKIE" value="84f69170-70da-4a51-ae10-2849dd81286d" />

          <property name="env.rvm_ruby_string" value="ruby-1.9.3-p392" />

          <property name="env.TERM_PROGRAM_VERSION" value="303.2" />

          <property name="path.separator" value=":" />

          <property name="java.vm.version" value="20.45-b01-451" />

          <property name="env._second" value="1" />

          <property name="ant.library.dir" value="/usr/share/ant/lib" />

          <property name="junit.output.dir" value="junit" />

          <property name="env.JOB_NAME" value="GoldenGate-SeleniumTest" />

          <property name="env.IRBRC" value="/usr/local/rvm/rubies/ruby-1.9.3-p392/.irbrc" />

          <property name="env.TERM" value="xterm-256color" />

          <property name="java.awt.printerjob" value="apple.awt.CPrinterJob" />

          <property name="ant.file.type.Selenium_Web_Driver" value="file" />

          <property name="sun.io.unicode.encoding" value="UnicodeLittle" />

          <property name="ant.file.Selenium_Web_Driver" value="/Volumes/Ankit/ComcastAutomation/build.xml" />

          <property name="awt.toolkit" value="apple.awt.CToolkit" />

          <property name="socksNonProxyHosts" value="local|*.local|169.254/16|*.169.254/16" />

          <property name="ftp.nonProxyHosts" value="local|*.local|169.254/16|*.169.254/16" />

          <property name="env.BUILD_TAG" value="jenkins-GoldenGate-SeleniumTest-24" />

          <property name="env.GEM_PATH" value="/usr/local/rvm/gems/ruby-1.9.3-p392@rails3tutorial:/usr/local/rvm/gems/ruby-1.9.3-p392@global" />

          <property name="target" value="1.6" />

          <property name="user.home" value="/Users/Valtech" />

          <property name="env.JENKINS_HOME" value="/Users/Valtech/.jenkins" />

          <property name="java.specification.vendor" value="Sun Microsystems Inc." />

          <property name="env.TERM_PROGRAM" value="Apple_Terminal" />

          <property name="java.vendor.url" value="http://www.apple.com/" />

          <property name="java.library.path" value=".:/Library/Java/Extensions:/System/Library/Java/Extensions:/usr/lib/java" />

          <property name="env.HUDSON_HOME" value="/Users/Valtech/.jenkins" />

          <property name="java.vm.vendor" value="Apple Inc." />

          <property name="env.HUDSON_SERVER_COOKIE" value="2951049d29589bf3" />

          <property name="gopherProxySet" value="false" />

          <property name="java.runtime.name" value="Java(TM) SE Runtime Environment" />

          <property name="ant.version" value="Apache Ant(TM) version 1.8.2 compiled on June 3 2011" />

          <property name="sun.java.command" value="org.apache.tools.ant.taskdefs.optional.junit.JUnitTestRunner Comcast_Demo.DemoClass_MB filtertrace=true haltOnError=false haltOnFailure=false formatter=org.apache.tools.ant.taskdefs.optional.junit.OutErrSummaryJUnitResultFormatter showoutput=false outputtoformatters=true logfailedtests=true logtestlistenerevents=false formatter=org.apache.tools.ant.taskdefs.optional.junit.XMLJUnitResultFormatter,/Volumes/Ankit/ComcastAutomation/junit/TEST-Comcast_Demo.DemoClass_MB.xml crashfile=/Volumes/Ankit/ComcastAutomation/junitvmwatcher4720753586716620958.properties propsfile=/Volumes/Ankit/ComcastAutomation/junit3317147425039490135.properties" />

          <property name="java.class.path" value="/Volumes/Ankit/ComcastAutomation/bin:/Volumes/Ankit/ComcastAutomation/Jars/selenium-server-standalone-2.32.0.jar:/usr/share/java/ant-1.8.2/lib/ant-launcher.jar:/usr/share/ant/lib/ant.jar:/usr/share/ant/lib/ant-junit.jar:/usr/share/ant/lib/ant-junit4.jar" />

          <property name="env.TERM_SESSION_ID" value="32B760A0-95EC-4A13-BB58-847F7917DEDE" />

          <property name="env.EXECUTOR_NUMBER" value="1" />

          <property name="env.com.apple.java.jvmMode" value="client" />

          <property name="java.vm.specification.name" value="Java Virtual Machine Specification" />

          <property name="ant.file.type" value="file" />

          <property name="java.vm.specification.version" value="1.0" />

          <property name="sun.os.patch.level" value="unknown" />

          <property name="sun.cpu.endian" value="little" />

          <property name="debuglevel" value="source,lines,vars" />

          <property name="env.HOME" value="/Users/Valtech" />

          <property name="java.io.tmpdir" value="/var/folders/wv/kv98qhfj6v36b2h0fkf_l66w0000gn/T/" />

          <property name="java.vendor.url.bug" value="http://bugreport.apple.com/" />

          <property name="env.SSH_AUTH_SOCK" value="/tmp/launch-QL4Zqz/Listeners" />

          <property name="env.rvm_env_string" value="ruby-1.9.3-p392@rails3tutorial" />

          <property name="env.COMMAND_MODE" value="unix2003" />

          <property name="mrj.build" value="11M4406" />

          <property name="java.awt.graphicsenv" value="apple.awt.CGraphicsEnvironment" />

          <property name="os.arch" value="x86_64" />

          <property name="env.__array_start" value="0" />

          <property name="java.ext.dirs" value="/Library/Java/Extensions:/System/Library/Java/Extensions:/System/Library/Java/JavaVirtualMachines/1.6.0.jdk/Contents/Home/lib/ext" />

          <property name="user.dir" value="/Volumes/Ankit/ComcastAutomation" />

          <property name="env.com.apple.java.jvmTask" value="CommandLine.java.java" />

          <property name="env.BUILD_ID" value="2013-05-09_19-12-17" />

          <property name="mrj.version" value="1070.1.6.0_45-451" />

          <property name="env.rvm_reset_clr" value="(B[m" />

          <property name="env.JAVA_ARCH" value="x86_64" />

          <property name="line.separator" value="&#xa;" />

          <property name="java.vm.name" value="Java HotSpot(TM) 64-Bit Server VM" />

          <property name="basedir" value="/Volumes/Ankit/ComcastAutomation" />

          <property name="ant.java.version" value="1.6" />

          <property name="ant.core.lib" value="/usr/share/ant/lib/ant.jar" />

          <property name="source" value="1.6" />

          <property name="file.encoding" value="MacRoman" />

          <property name="env.WORKSPACE" value="/Volumes/Ankit/ComcastAutomation" />

          <property name="env.rvm_error_clr" value="[31m" />

          <property name="env.JAVA_MAIN_CLASS_358" value="Main" />

          <property name="java.specification.version" value="1.6" />

          <property name="ant.project.invoked-targets" value="runATFOnMB" />

          <property name="env.NODE_LABELS" value="master" />

      </properties>

      <testcase classname="Comcast_Demo.DemoClass_MB" name="testUserRegistration" time="130.74" />

      <system-out><![CDATA[]]></system-out>

      <system-err><![CDATA[]]></system-err>

  </testsuite>
  <testsuite errors="7" failures="7" hostname="adea-11.adeasolutions.com" id="1" name="runTestSuite" package="SuiteRunner" tests="41" time="708.363" timestamp="2013-05-09T14:38:43">
      <properties>
          <property name="java.vendor" value="Apple Inc." />

          <property name="env.JENKINS_SERVER_COOKIE" value="2951049d29589bf3" />

          <property name="sun.java.launcher" value="SUN_STANDARD" />

          <property name="jikes.class.path" value=":/System/Library/Java/JavaVirtualMachines/1.6.0.jdk/Contents/Home/../Classes/alt-rt.jar:/System/Library/Java/JavaVirtualMachines/1.6.0.jdk/Contents/Home/../Classes/alt-string.jar:/System/Library/Java/JavaVirtualMachines/1.6.0.jdk/Contents/Home/../Classes/charsets.jar:/System/Library/Java/JavaVirtualMachines/1.6.0.jdk/Contents/Home/../Classes/classes.jar:/System/Library/Java/JavaVirtualMachines/1.6.0.jdk/Contents/Home/../Classes/dt.jar:/System/Library/Java/JavaVirtualMachines/1.6.0.jdk/Contents/Home/../Classes/jce.jar:/System/Library/Java/JavaVirtualMachines/1.6.0.jdk/Contents/Home/../Classes/jconsole.jar:/System/Library/Java/JavaVirtualMachines/1.6.0.jdk/Contents/Home/../Classes/jsse.jar:/System/Library/Java/JavaVirtualMachines/1.6.0.jdk/Contents/Home/../Classes/management-agent.jar:/System/Library/Java/JavaVirtualMachines/1.6.0.jdk/Contents/Home/../Classes/ui.jar" />

          <property name="sun.management.compiler" value="HotSpot 64-Bit Tiered Compilers" />

          <property name="env.GEM_HOME" value="/usr/local/rvm/gems/ruby-1.9.3-p392@rails3tutorial" />

          <property name="os.name" value="Mac OS X" />

          <property name="sun.boot.class.path" value="/System/Library/Java/JavaVirtualMachines/1.6.0.jdk/Contents/Classes/jsfd.jar:/System/Library/Java/JavaVirtualMachines/1.6.0.jdk/Contents/Classes/classes.jar:/System/Library/Frameworks/JavaVM.framework/Frameworks/JavaRuntimeSupport.framework/Resources/Java/JavaRuntimeSupport.jar:/System/Library/Java/JavaVirtualMachines/1.6.0.jdk/Contents/Classes/ui.jar:/System/Library/Java/JavaVirtualMachines/1.6.0.jdk/Contents/Classes/laf.jar:/System/Library/Java/JavaVirtualMachines/1.6.0.jdk/Contents/Classes/sunrsasign.jar:/System/Library/Java/JavaVirtualMachines/1.6.0.jdk/Contents/Classes/jsse.jar:/System/Library/Java/JavaVirtualMachines/1.6.0.jdk/Contents/Classes/jce.jar:/System/Library/Java/JavaVirtualMachines/1.6.0.jdk/Contents/Classes/charsets.jar" />

          <property name="env.TMPDIR" value="/var/folders/wv/kv98qhfj6v36b2h0fkf_l66w0000gn/T/" />

          <property name="env.rvm_warn_clr" value="[33m" />

          <property name="env.Apple_Ubiquity_Message" value="/tmp/launch-RhMxj9/Apple_Ubiquity_Message" />

          <property name="env.PWD" value="/Volumes/Ankit/ComcastAutomation_Regression" />

          <property name="env.LANG" value="en_US.UTF-8" />

          <property name="java.vm.specification.vendor" value="Sun Microsystems Inc." />

          <property name="ant.home" value="/usr/share/ant" />

          <property name="java.runtime.version" value="1.6.0_45-b06-451-11M4406" />

          <property name="env.MY_RUBY_HOME" value="/usr/local/rvm/rubies/ruby-1.9.3-p392" />

          <property name="env.BUILD_DISPLAY_NAME" value="#3" />

          <property name="env.Apple_PubSub_Socket_Render" value="/tmp/launch-Xp1WpD/Render" />

          <property name="env.DISPLAY" value="/tmp/launch-KD2sfv/org.x:0" />

          <property name="env.rvm_version" value="1.18.10 (master)" />

          <property name="user.name" value="Valtech" />

          <property name="env.escape_flag" value="1" />

          <property name="env.USER" value="Valtech" />

          <property name="env.SHELL" value="/bin/bash" />

          <property name="env.__CF_USER_TEXT_ENCODING" value="0x1F5:0:0" />

          <property name="awt.nativeDoubleBuffering" value="true" />

          <property name="env.JAVA_MAIN_CLASS_890" value="org.apache.tools.ant.launch.Launcher" />

          <property name="env.PATH" value="/usr/local/rvm/gems/ruby-1.9.3-p392@rails3tutorial/bin:/usr/local/rvm/gems/ruby-1.9.3-p392@global/bin:/usr/local/rvm/rubies/ruby-1.9.3-p392/bin:/usr/local/rvm/bin:/usr/bin:/bin:/usr/sbin:/sbin:/usr/local/bin:/usr/X11/bin:/opt/sm/bin:/opt/sm/pkg/active/bin:/opt/sm/pkg/active/sbin" />

          <property name="env.rvm_debug_clr" value="[35m" />

          <property name="user.language" value="en" />

          <property name="env.rvm_prefix" value="/usr/local" />

          <property name="env.rvm_notify_clr" value="[32m" />

          <property name="sun.boot.library.path" value="/System/Library/Java/JavaVirtualMachines/1.6.0.jdk/Contents/Libraries" />

          <property name="ant.project.default-target" value="build" />

          <property name="ant.project.name" value="Selenium_Web_Driver" />

          <property name="env.rvm_path" value="/usr/local/rvm" />

          <property name="env.RUBY_VERSION" value="ruby-1.9.3-p392" />

          <property name="java.version" value="1.6.0_45" />

          <property name="user.timezone" value="" />

          <property name="env.NODE_NAME" value="master" />

          <property name="env._first" value="0" />

          <property name="sun.arch.data.model" value="64" />

          <property name="http.nonProxyHosts" value="local|*.local|169.254/16|*.169.254/16" />

          <property name="java.endorsed.dirs" value="/System/Library/Java/JavaVirtualMachines/1.6.0.jdk/Contents/Home/lib/endorsed" />

          <property name="sun.cpu.isalist" value="" />

          <property name="sun.jnu.encoding" value="MacRoman" />

          <property name="env.rvm_bin_path" value="/usr/local/rvm/bin" />

          <property name="file.encoding.pkg" value="sun.io" />

          <property name="env.SHLVL" value="2" />

          <property name="file.separator" value="/" />

          <property name="java.specification.name" value="Java Platform API Specification" />

          <property name="java.class.version" value="50.0" />

          <property name="user.country" value="US" />

          <property name="env.BUILD_NUMBER" value="3" />

          <property name="java.home" value="/System/Library/Java/JavaVirtualMachines/1.6.0.jdk/Contents/Home" />

          <property name="java.vm.info" value="mixed mode" />

          <property name="env.LOGNAME" value="Valtech" />

          <property name="ant.file" value="/Volumes/Ankit/ComcastAutomation_Regression/build.xml" />

          <property name="os.version" value="10.7.5" />

          <property name="env.HUDSON_COOKIE" value="1cabea10-4a4d-4c7f-a7e1-446b7bbb20b7" />

          <property name="env.rvm_ruby_string" value="ruby-1.9.3-p392" />

          <property name="env.TERM_PROGRAM_VERSION" value="303.2" />

          <property name="path.separator" value=":" />

          <property name="java.vm.version" value="20.45-b01-451" />

          <property name="env._second" value="1" />

          <property name="ant.library.dir" value="/usr/share/ant/lib" />

          <property name="junit.output.dir" value="junit" />

          <property name="env.JOB_NAME" value="Comcast TestSuit" />

          <property name="env.IRBRC" value="/usr/local/rvm/rubies/ruby-1.9.3-p392/.irbrc" />

          <property name="env.TERM" value="xterm-256color" />

          <property name="java.awt.printerjob" value="apple.awt.CPrinterJob" />

          <property name="ant.file.type.Selenium_Web_Driver" value="file" />

          <property name="sun.io.unicode.encoding" value="UnicodeLittle" />

          <property name="ant.file.Selenium_Web_Driver" value="/Volumes/Ankit/ComcastAutomation_Regression/build.xml" />

          <property name="awt.toolkit" value="apple.awt.CToolkit" />

          <property name="socksNonProxyHosts" value="local|*.local|169.254/16|*.169.254/16" />

          <property name="ftp.nonProxyHosts" value="local|*.local|169.254/16|*.169.254/16" />

          <property name="env.BUILD_TAG" value="jenkins-Comcast TestSuit-3" />

          <property name="env.GEM_PATH" value="/usr/local/rvm/gems/ruby-1.9.3-p392@rails3tutorial:/usr/local/rvm/gems/ruby-1.9.3-p392@global" />

          <property name="target" value="1.6" />

          <property name="user.home" value="/Users/Valtech" />

          <property name="env.JENKINS_HOME" value="/Users/Valtech/.jenkins" />

          <property name="java.specification.vendor" value="Sun Microsystems Inc." />

          <property name="env.TERM_PROGRAM" value="Apple_Terminal" />

          <property name="java.vendor.url" value="http://www.apple.com/" />

          <property name="java.library.path" value=".:/Library/Java/Extensions:/System/Library/Java/Extensions:/usr/lib/java" />

          <property name="env.HUDSON_HOME" value="/Users/Valtech/.jenkins" />

          <property name="java.vm.vendor" value="Apple Inc." />

          <property name="env.HUDSON_SERVER_COOKIE" value="2951049d29589bf3" />

          <property name="gopherProxySet" value="false" />

          <property name="java.runtime.name" value="Java(TM) SE Runtime Environment" />

          <property name="ant.version" value="Apache Ant(TM) version 1.8.2 compiled on June 3 2011" />

          <property name="sun.java.command" value="org.apache.tools.ant.taskdefs.optional.junit.JUnitTestRunner SuiteRunner.runTestSuite filtertrace=true haltOnError=false haltOnFailure=false formatter=org.apache.tools.ant.taskdefs.optional.junit.OutErrSummaryJUnitResultFormatter showoutput=false outputtoformatters=true logfailedtests=true logtestlistenerevents=false formatter=org.apache.tools.ant.taskdefs.optional.junit.XMLJUnitResultFormatter,/Volumes/Ankit/ComcastAutomation_Regression/junit/TEST-SuiteRunner.runTestSuite.xml crashfile=/Volumes/Ankit/ComcastAutomation_Regression/junitvmwatcher8260985654141346390.properties propsfile=/Volumes/Ankit/ComcastAutomation_Regression/junit8773157462443356552.properties" />

          <property name="java.class.path" value="/Volumes/Ankit/ComcastAutomation_Regression/bin:/Volumes/Ankit/ComcastAutomation/Jars/selenium-server-standalone-2.32.0.jar:/usr/share/java/ant-1.8.2/lib/ant-launcher.jar:/usr/share/ant/lib/ant.jar:/usr/share/ant/lib/ant-junit.jar:/usr/share/ant/lib/ant-junit4.jar" />

          <property name="env.TERM_SESSION_ID" value="32B760A0-95EC-4A13-BB58-847F7917DEDE" />

          <property name="env.EXECUTOR_NUMBER" value="1" />

          <property name="env.com.apple.java.jvmMode" value="client" />

          <property name="java.vm.specification.name" value="Java Virtual Machine Specification" />

          <property name="ant.file.type" value="file" />

          <property name="java.vm.specification.version" value="1.0" />

          <property name="sun.os.patch.level" value="unknown" />

          <property name="sun.cpu.endian" value="little" />

          <property name="debuglevel" value="source,lines,vars" />

          <property name="env.HOME" value="/Users/Valtech" />

          <property name="java.io.tmpdir" value="/var/folders/wv/kv98qhfj6v36b2h0fkf_l66w0000gn/T/" />

          <property name="java.vendor.url.bug" value="http://bugreport.apple.com/" />

          <property name="env.SSH_AUTH_SOCK" value="/tmp/launch-QL4Zqz/Listeners" />

          <property name="env.rvm_env_string" value="ruby-1.9.3-p392@rails3tutorial" />

          <property name="env.COMMAND_MODE" value="unix2003" />

          <property name="mrj.build" value="11M4406" />

          <property name="java.awt.graphicsenv" value="apple.awt.CGraphicsEnvironment" />

          <property name="os.arch" value="x86_64" />

          <property name="env.__array_start" value="0" />

          <property name="java.ext.dirs" value="/Library/Java/Extensions:/System/Library/Java/Extensions:/System/Library/Java/JavaVirtualMachines/1.6.0.jdk/Contents/Home/lib/ext" />

          <property name="user.dir" value="/Volumes/Ankit/ComcastAutomation_Regression" />

          <property name="env.com.apple.java.jvmTask" value="CommandLine.java.java" />

          <property name="env.BUILD_ID" value="2013-05-09_20-08-41" />

          <property name="mrj.version" value="1070.1.6.0_45-451" />

          <property name="env.rvm_reset_clr" value="(B[m" />

          <property name="env.JAVA_ARCH" value="x86_64" />

          <property name="line.separator" value="&#xa;" />

          <property name="java.vm.name" value="Java HotSpot(TM) 64-Bit Server VM" />

          <property name="basedir" value="/Volumes/Ankit/ComcastAutomation_Regression" />

          <property name="ant.java.version" value="1.6" />

          <property name="ant.core.lib" value="/usr/share/ant/lib/ant.jar" />

          <property name="source" value="1.6" />

          <property name="file.encoding" value="MacRoman" />

          <property name="env.WORKSPACE" value="/Volumes/Ankit/ComcastAutomation_Regression" />

          <property name="env.rvm_error_clr" value="[31m" />

          <property name="env.JAVA_MAIN_CLASS_358" value="Main" />

          <property name="java.specification.version" value="1.6" />

          <property name="ant.project.invoked-targets" value="runATFRegression" />

          <property name="env.NODE_LABELS" value="master" />

      </properties>

      <testcase classname="UserAuthentication.UserRegistration.RegisterToXidioApplicationByClickingActivation" name="testRegistrationToXidioApplicationByClickingActivation" time="48.616" />

      <testcase classname="UserAuthentication.UserRegistration.RegisterToXidioApplicationByEnteringInValidEmail" name="testRegisterToXidioApplicationByEnteringInValidEmail" time="10.225" />

      <testcase classname="UserAuthentication.UserRegistration.RegisterToXidioApplicationByEnteringInValidLengthOfPassword" name="testRegisterToXidioApplicationByEnteringInValidLengthOfPassword" time="9.049" />

      <testcase classname="UserAuthentication.UserRegistration.RegisterToXidioApplicationByEnteringInValidMobileNumber" name="testRegisterToXidioApplicationByEnteringInValidMobileNumber" time="9.475" />

      <testcase classname="UserAuthentication.UserRegistration.RegisterToXidioApplicationByEnteringInValidZip" name="testRegisterToXidioApplicationWithEnteringInValidZip" time="8.894" />

      <testcase classname="UserAuthentication.UserRegistration.RegisterToXidioApplicationByEnteringInValidZipLength" name="testRegisterToXidioApplicationWithEnteringInValidZip" time="9.177" />

      <testcase classname="UserAuthentication.UserRegistration.RegisterToXidioApplicationByEnteringNonCapitalLetterPassword" name="testRegisterToXidioApplicationByEnteringInValidPassword" time="10.088" />

      <testcase classname="UserAuthentication.UserRegistration.RegisterToXidioApplicationByEnteringNonDigitPassword" name="testRegisterToXidioApplicationByEnteringInValidPassword" time="9.943" />

      <testcase classname="UserAuthentication.UserRegistration.RegisterToXidioApplicationBySkipingPaymentStepAndActivationStep" name="testRegistrationToXidioApplicationBySkipingPaymentStepAndActivationStep" time="37.372">
          <error message="Unable to locate element: {&quot;method&quot;:&quot;link text&quot;,&quot;selector&quot;:&quot;Skip this step&quot;}&#xa;Command duration or timeout: 30.12 seconds&#xa;For documentation on this error, please visit: http://seleniumhq.org/exceptions/no_such_element.html&#xa;Build info: version: &apos;2.32.0&apos;, revision: &apos;6c40c18&apos;, time: &apos;2013-04-09 17:22:56&apos;&#xa;System info: os.name: &apos;Mac OS X&apos;, os.arch: &apos;x86_64&apos;, os.version: &apos;10.7.5&apos;, java.version: &apos;1.6.0_45&apos;&#xa;Session ID: 51d2ec6e-4658-7a47-b768-60e68eda378a&#xa;Driver info: org.openqa.selenium.firefox.FirefoxDriver&#xa;Capabilities [{platform=MAC, acceptSslCerts=true, javascriptEnabled=true, browserName=firefox, rotatable=false, locationContextEnabled=true, version=20.0, cssSelectorsEnabled=true, databaseEnabled=true, handlesAlerts=true, browserConnectionEnabled=true, nativeEvents=false, webStorageEnabled=true, applicationCacheEnabled=true, takesScreenshot=true}]" type="org.openqa.selenium.NoSuchElementException">org.openqa.selenium.NoSuchElementException: Unable to locate element: {&quot;method&quot;:&quot;link text&quot;,&quot;selector&quot;:&quot;Skip this step&quot;}
Command duration or timeout: 30.12 seconds
For documentation on this error, please visit: http://seleniumhq.org/exceptions/no_such_element.html
Build info: version: &apos;2.32.0&apos;, revision: &apos;6c40c18&apos;, time: &apos;2013-04-09 17:22:56&apos;
System info: os.name: &apos;Mac OS X&apos;, os.arch: &apos;x86_64&apos;, os.version: &apos;10.7.5&apos;, java.version: &apos;1.6.0_45&apos;
Session ID: 51d2ec6e-4658-7a47-b768-60e68eda378a
Driver info: org.openqa.selenium.firefox.FirefoxDriver
Capabilities [{platform=MAC, acceptSslCerts=true, javascriptEnabled=true, browserName=firefox, rotatable=false, locationContextEnabled=true, version=20.0, cssSelectorsEnabled=true, databaseEnabled=true, handlesAlerts=true, browserConnectionEnabled=true, nativeEvents=false, webStorageEnabled=true, applicationCacheEnabled=true, takesScreenshot=true}]
	at java.lang.reflect.Constructor.newInstance(Constructor.java:513)
	at org.openqa.selenium.remote.ErrorHandler.createThrowable(ErrorHandler.java:187)
	at org.openqa.selenium.remote.ErrorHandler.throwIfResponseFailed(ErrorHandler.java:145)
	at org.openqa.selenium.remote.RemoteWebDriver.execute(RemoteWebDriver.java:554)
	at org.openqa.selenium.remote.RemoteWebDriver.findElement(RemoteWebDriver.java:307)
	at org.openqa.selenium.remote.RemoteWebDriver.findElementByLinkText(RemoteWebDriver.java:356)
	at org.openqa.selenium.By$ByLinkText.findElement(By.java:241)
	at org.openqa.selenium.remote.RemoteWebDriver.findElement(RemoteWebDriver.java:299)
	at UserAuthentication.UserRegistration.RegisterToXidioApplicationBySkipingPaymentStepAndActivationStep.testRegistrationToXidioApplicationBySkipingPaymentStepAndActivationStep(RegisterToXidioApplicationBySkipingPaymentStepAndActivationStep.java:25)
Caused by: org.openqa.selenium.remote.ErrorHandler$UnknownServerException: Unable to locate element: {&quot;method&quot;:&quot;link text&quot;,&quot;selector&quot;:&quot;Skip this step&quot;}
Build info: version: &apos;2.32.0&apos;, revision: &apos;6c40c18&apos;, time: &apos;2013-04-09 17:22:56&apos;
System info: os.name: &apos;Mac OS X&apos;, os.arch: &apos;x86_64&apos;, os.version: &apos;10.7.5&apos;, java.version: &apos;1.6.0_45&apos;
Driver info: driver.version: unknown
	at &lt;anonymous class&gt;.FirefoxDriver.prototype.findElementInternal_(file:///var/folders/wv/kv98qhfj6v36b2h0fkf_l66w0000gn/T/anonymous2719821437033243189webdriver-profile/extensions/fxdriver@googlecode.com/components/driver_component.js:8405)
	at &lt;anonymous class&gt;.fxdriver.Timer.prototype.setTimeout/&lt;.notify(file:///var/folders/wv/kv98qhfj6v36b2h0fkf_l66w0000gn/T/anonymous2719821437033243189webdriver-profile/extensions/fxdriver@googlecode.com/components/driver_component.js:386)
</error>

      </testcase>

      <testcase classname="UserAuthentication.UserRegistration.RegisterToXidioApplicationDirectlyWithPaymentDetailsWithoutPersonalInfo" name="testRegisterToXidioApplicationDirectlyWithPaymentDetailsWithoutPersonalInfo" time="13.174" />

      <testcase classname="UserAuthentication.UserRegistration.RegisterToXidioApplicationUsingValidCredentials" name="testUserRegistration" time="52.328">
          <error message="Element is not currently visible and so may not be interacted with&#xa;Command duration or timeout: 30.07 seconds&#xa;Build info: version: &apos;2.32.0&apos;, revision: &apos;6c40c18&apos;, time: &apos;2013-04-09 17:22:56&apos;&#xa;System info: os.name: &apos;Mac OS X&apos;, os.arch: &apos;x86_64&apos;, os.version: &apos;10.7.5&apos;, java.version: &apos;1.6.0_45&apos;&#xa;Session ID: 51cd0c55-8fe2-b24c-a632-445a682bb897&#xa;Driver info: org.openqa.selenium.firefox.FirefoxDriver&#xa;Capabilities [{platform=MAC, acceptSslCerts=true, javascriptEnabled=true, browserName=firefox, rotatable=false, locationContextEnabled=true, version=20.0, cssSelectorsEnabled=true, databaseEnabled=true, handlesAlerts=true, browserConnectionEnabled=true, nativeEvents=false, webStorageEnabled=true, applicationCacheEnabled=true, takesScreenshot=true}]" type="org.openqa.selenium.ElementNotVisibleException">org.openqa.selenium.ElementNotVisibleException: Element is not currently visible and so may not be interacted with
Command duration or timeout: 30.07 seconds
Build info: version: &apos;2.32.0&apos;, revision: &apos;6c40c18&apos;, time: &apos;2013-04-09 17:22:56&apos;
System info: os.name: &apos;Mac OS X&apos;, os.arch: &apos;x86_64&apos;, os.version: &apos;10.7.5&apos;, java.version: &apos;1.6.0_45&apos;
Session ID: 51cd0c55-8fe2-b24c-a632-445a682bb897
Driver info: org.openqa.selenium.firefox.FirefoxDriver
Capabilities [{platform=MAC, acceptSslCerts=true, javascriptEnabled=true, browserName=firefox, rotatable=false, locationContextEnabled=true, version=20.0, cssSelectorsEnabled=true, databaseEnabled=true, handlesAlerts=true, browserConnectionEnabled=true, nativeEvents=false, webStorageEnabled=true, applicationCacheEnabled=true, takesScreenshot=true}]
	at java.lang.reflect.Constructor.newInstance(Constructor.java:513)
	at org.openqa.selenium.remote.ErrorHandler.createThrowable(ErrorHandler.java:187)
	at org.openqa.selenium.remote.ErrorHandler.throwIfResponseFailed(ErrorHandler.java:145)
	at org.openqa.selenium.remote.RemoteWebDriver.execute(RemoteWebDriver.java:554)
	at org.openqa.selenium.remote.RemoteWebElement.execute(RemoteWebElement.java:268)
	at org.openqa.selenium.remote.RemoteWebElement.clear(RemoteWebElement.java:113)
	at Core.UserRegistrationFunction.Common.UserRegistrationFunction.CCDetials(UserRegistrationFunction.java:14)
	at UserAuthentication.UserRegistration.RegisterToXidioApplicationUsingValidCredentials.testUserRegistration(RegisterToXidioApplicationUsingValidCredentials.java:39)
Caused by: org.openqa.selenium.remote.ErrorHandler$UnknownServerException: Element is not currently visible and so may not be interacted with
Build info: version: &apos;2.32.0&apos;, revision: &apos;6c40c18&apos;, time: &apos;2013-04-09 17:22:56&apos;
System info: os.name: &apos;Mac OS X&apos;, os.arch: &apos;x86_64&apos;, os.version: &apos;10.7.5&apos;, java.version: &apos;1.6.0_45&apos;
Driver info: driver.version: unknown
	at &lt;anonymous class&gt;.fxdriver.preconditions.visible(file:///var/folders/wv/kv98qhfj6v36b2h0fkf_l66w0000gn/T/anonymous3022121882939882430webdriver-profile/extensions/fxdriver@googlecode.com/components/command_processor.js:7682)
	at &lt;anonymous class&gt;.DelayedCommand.prototype.checkPreconditions_(file:///var/folders/wv/kv98qhfj6v36b2h0fkf_l66w0000gn/T/anonymous3022121882939882430webdriver-profile/extensions/fxdriver@googlecode.com/components/command_processor.js:10402)
	at &lt;anonymous class&gt;.DelayedCommand.prototype.executeInternal_/h(file:///var/folders/wv/kv98qhfj6v36b2h0fkf_l66w0000gn/T/anonymous3022121882939882430webdriver-profile/extensions/fxdriver@googlecode.com/components/command_processor.js:10421)
	at &lt;anonymous class&gt;.fxdriver.Timer.prototype.setTimeout/&lt;.notify(file:///var/folders/wv/kv98qhfj6v36b2h0fkf_l66w0000gn/T/anonymous3022121882939882430webdriver-profile/extensions/fxdriver@googlecode.com/components/command_processor.js:386)
</error>

      </testcase>

      <testcase classname="UserAuthentication.UserRegistration.RegisterToXidioApplicationWithoutEnteringAddress" name="testRegisterToXidioApplicationWithoutEnteringAddress" time="8.888" />

      <testcase classname="UserAuthentication.UserRegistration.RegisterToXidioApplicationWithoutEnteringCity" name="testRegisterToXidioApplicationWithoutEnteringCity" time="9.322" />

      <testcase classname="UserAuthentication.UserRegistration.RegisterToXidioApplicationWithoutEnteringEmail" name="testRegisterToXidioApplicationWithoutEnteringEmail" time="8.747" />

      <testcase classname="UserAuthentication.UserRegistration.RegisterToXidioApplicationWithoutEnteringFirstName" name="testRegisterToXidioApplicationWithoutFirstName" time="9.534" />

      <testcase classname="UserAuthentication.UserRegistration.RegisterToXidioApplicationWithoutEnteringLastName" name="testRegisterToXidioApplicationWithoutLastName" time="9.198" />

      <testcase classname="UserAuthentication.UserRegistration.RegisterToXidioApplicationWithoutEnteringMobileNumber" name="testRegisterToXidioApplicationWithoutEnteringMobileNumber" time="8.454" />

      <testcase classname="UserAuthentication.UserRegistration.RegisterToXidioApplicationWithoutEnteringPassword" name="testRegisterToXidioApplicationWithoutEnteringPassword" time="7.453" />

      <testcase classname="UserAuthentication.UserRegistration.RegisterToXidioApplicationWithoutEnteringZip" name="testRegisterToXidioApplicationWithoutEnteringZip" time="8.891" />

      <testcase classname="UserAuthentication.UserRegistration.RegisterToXidioApplicationWithValidCredentialByDeclineTermAndCondition" name="testRegistrationToXidioApplicationWithValidCredentialByDeclingTermAndCondition" time="11.487" />

      <testcase classname="ProfileManagement.ChangePassword.ValidateCurrentPasswordWhenChangingPassword" name="testValidateCurrentPasswordWhenChangingPassword" time="51.71">
          <error message="Element is not currently visible and so may not be interacted with&#xa;Command duration or timeout: 30.05 seconds&#xa;Build info: version: &apos;2.32.0&apos;, revision: &apos;6c40c18&apos;, time: &apos;2013-04-09 17:22:56&apos;&#xa;System info: os.name: &apos;Mac OS X&apos;, os.arch: &apos;x86_64&apos;, os.version: &apos;10.7.5&apos;, java.version: &apos;1.6.0_45&apos;&#xa;Session ID: 3cfdc3c3-d78d-3947-a163-e3c7117a98ce&#xa;Driver info: org.openqa.selenium.firefox.FirefoxDriver&#xa;Capabilities [{platform=MAC, acceptSslCerts=true, javascriptEnabled=true, browserName=firefox, rotatable=false, locationContextEnabled=true, version=20.0, cssSelectorsEnabled=true, databaseEnabled=true, handlesAlerts=true, browserConnectionEnabled=true, nativeEvents=false, webStorageEnabled=true, applicationCacheEnabled=true, takesScreenshot=true}]" type="org.openqa.selenium.ElementNotVisibleException">org.openqa.selenium.ElementNotVisibleException: Element is not currently visible and so may not be interacted with
Command duration or timeout: 30.05 seconds
Build info: version: &apos;2.32.0&apos;, revision: &apos;6c40c18&apos;, time: &apos;2013-04-09 17:22:56&apos;
System info: os.name: &apos;Mac OS X&apos;, os.arch: &apos;x86_64&apos;, os.version: &apos;10.7.5&apos;, java.version: &apos;1.6.0_45&apos;
Session ID: 3cfdc3c3-d78d-3947-a163-e3c7117a98ce
Driver info: org.openqa.selenium.firefox.FirefoxDriver
Capabilities [{platform=MAC, acceptSslCerts=true, javascriptEnabled=true, browserName=firefox, rotatable=false, locationContextEnabled=true, version=20.0, cssSelectorsEnabled=true, databaseEnabled=true, handlesAlerts=true, browserConnectionEnabled=true, nativeEvents=false, webStorageEnabled=true, applicationCacheEnabled=true, takesScreenshot=true}]
	at java.lang.reflect.Constructor.newInstance(Constructor.java:513)
	at org.openqa.selenium.remote.ErrorHandler.createThrowable(ErrorHandler.java:187)
	at org.openqa.selenium.remote.ErrorHandler.throwIfResponseFailed(ErrorHandler.java:145)
	at org.openqa.selenium.remote.RemoteWebDriver.execute(RemoteWebDriver.java:554)
	at org.openqa.selenium.remote.RemoteWebElement.execute(RemoteWebElement.java:268)
	at org.openqa.selenium.remote.RemoteWebElement.clear(RemoteWebElement.java:113)
	at Core.UserRegistrationFunction.Common.UserRegistrationFunction.CCDetials(UserRegistrationFunction.java:14)
	at DataServices.UserRegistrationUsingComcast.UserRegistrationUsingComcast.testUserRegistrationUsingComcast(UserRegistrationUsingComcast.java:33)
	at ProfileManagement.ChangePassword.ValidateCurrentPasswordWhenChangingPassword.testValidateCurrentPasswordWhenChangingPassword(ValidateCurrentPasswordWhenChangingPassword.java:18)
Caused by: org.openqa.selenium.remote.ErrorHandler$UnknownServerException: Element is not currently visible and so may not be interacted with
Build info: version: &apos;2.32.0&apos;, revision: &apos;6c40c18&apos;, time: &apos;2013-04-09 17:22:56&apos;
System info: os.name: &apos;Mac OS X&apos;, os.arch: &apos;x86_64&apos;, os.version: &apos;10.7.5&apos;, java.version: &apos;1.6.0_45&apos;
Driver info: driver.version: unknown
	at &lt;anonymous class&gt;.fxdriver.preconditions.visible(file:///var/folders/wv/kv98qhfj6v36b2h0fkf_l66w0000gn/T/anonymous6551169701907833935webdriver-profile/extensions/fxdriver@googlecode.com/components/command_processor.js:7682)
	at &lt;anonymous class&gt;.DelayedCommand.prototype.checkPreconditions_(file:///var/folders/wv/kv98qhfj6v36b2h0fkf_l66w0000gn/T/anonymous6551169701907833935webdriver-profile/extensions/fxdriver@googlecode.com/components/command_processor.js:10402)
	at &lt;anonymous class&gt;.DelayedCommand.prototype.executeInternal_/h(file:///var/folders/wv/kv98qhfj6v36b2h0fkf_l66w0000gn/T/anonymous6551169701907833935webdriver-profile/extensions/fxdriver@googlecode.com/components/command_processor.js:10421)
	at &lt;anonymous class&gt;.fxdriver.Timer.prototype.setTimeout/&lt;.notify(file:///var/folders/wv/kv98qhfj6v36b2h0fkf_l66w0000gn/T/anonymous6551169701907833935webdriver-profile/extensions/fxdriver@googlecode.com/components/command_processor.js:386)
</error>

      </testcase>

      <testcase classname="ProfileManagement.ChangePassword.VerifyPasswordChangeWorks" name="testVerifyPasswordChangeWorks" time="53.451">
          <error message="Element is not currently visible and so may not be interacted with&#xa;Command duration or timeout: 30.05 seconds&#xa;Build info: version: &apos;2.32.0&apos;, revision: &apos;6c40c18&apos;, time: &apos;2013-04-09 17:22:56&apos;&#xa;System info: os.name: &apos;Mac OS X&apos;, os.arch: &apos;x86_64&apos;, os.version: &apos;10.7.5&apos;, java.version: &apos;1.6.0_45&apos;&#xa;Session ID: e34482ef-1bc6-584f-b3b7-74d00afbc48a&#xa;Driver info: org.openqa.selenium.firefox.FirefoxDriver&#xa;Capabilities [{platform=MAC, acceptSslCerts=true, javascriptEnabled=true, browserName=firefox, rotatable=false, locationContextEnabled=true, version=20.0, cssSelectorsEnabled=true, databaseEnabled=true, handlesAlerts=true, browserConnectionEnabled=true, nativeEvents=false, webStorageEnabled=true, applicationCacheEnabled=true, takesScreenshot=true}]" type="org.openqa.selenium.ElementNotVisibleException">org.openqa.selenium.ElementNotVisibleException: Element is not currently visible and so may not be interacted with
Command duration or timeout: 30.05 seconds
Build info: version: &apos;2.32.0&apos;, revision: &apos;6c40c18&apos;, time: &apos;2013-04-09 17:22:56&apos;
System info: os.name: &apos;Mac OS X&apos;, os.arch: &apos;x86_64&apos;, os.version: &apos;10.7.5&apos;, java.version: &apos;1.6.0_45&apos;
Session ID: e34482ef-1bc6-584f-b3b7-74d00afbc48a
Driver info: org.openqa.selenium.firefox.FirefoxDriver
Capabilities [{platform=MAC, acceptSslCerts=true, javascriptEnabled=true, browserName=firefox, rotatable=false, locationContextEnabled=true, version=20.0, cssSelectorsEnabled=true, databaseEnabled=true, handlesAlerts=true, browserConnectionEnabled=true, nativeEvents=false, webStorageEnabled=true, applicationCacheEnabled=true, takesScreenshot=true}]
	at java.lang.reflect.Constructor.newInstance(Constructor.java:513)
	at org.openqa.selenium.remote.ErrorHandler.createThrowable(ErrorHandler.java:187)
	at org.openqa.selenium.remote.ErrorHandler.throwIfResponseFailed(ErrorHandler.java:145)
	at org.openqa.selenium.remote.RemoteWebDriver.execute(RemoteWebDriver.java:554)
	at org.openqa.selenium.remote.RemoteWebElement.execute(RemoteWebElement.java:268)
	at org.openqa.selenium.remote.RemoteWebElement.clear(RemoteWebElement.java:113)
	at Core.UserRegistrationFunction.Common.UserRegistrationFunction.CCDetials(UserRegistrationFunction.java:14)
	at DataServices.UserRegistrationUsingComcast.UserRegistrationUsingComcast.testUserRegistrationUsingComcast(UserRegistrationUsingComcast.java:33)
	at ProfileManagement.ChangePassword.VerifyPasswordChangeWorks.testVerifyPasswordChangeWorks(VerifyPasswordChangeWorks.java:18)
Caused by: org.openqa.selenium.remote.ErrorHandler$UnknownServerException: Element is not currently visible and so may not be interacted with
Build info: version: &apos;2.32.0&apos;, revision: &apos;6c40c18&apos;, time: &apos;2013-04-09 17:22:56&apos;
System info: os.name: &apos;Mac OS X&apos;, os.arch: &apos;x86_64&apos;, os.version: &apos;10.7.5&apos;, java.version: &apos;1.6.0_45&apos;
Driver info: driver.version: unknown
	at &lt;anonymous class&gt;.fxdriver.preconditions.visible(file:///var/folders/wv/kv98qhfj6v36b2h0fkf_l66w0000gn/T/anonymous1484829998119163467webdriver-profile/extensions/fxdriver@googlecode.com/components/command_processor.js:7682)
	at &lt;anonymous class&gt;.DelayedCommand.prototype.checkPreconditions_(file:///var/folders/wv/kv98qhfj6v36b2h0fkf_l66w0000gn/T/anonymous1484829998119163467webdriver-profile/extensions/fxdriver@googlecode.com/components/command_processor.js:10402)
	at &lt;anonymous class&gt;.DelayedCommand.prototype.executeInternal_/h(file:///var/folders/wv/kv98qhfj6v36b2h0fkf_l66w0000gn/T/anonymous1484829998119163467webdriver-profile/extensions/fxdriver@googlecode.com/components/command_processor.js:10421)
	at &lt;anonymous class&gt;.fxdriver.Timer.prototype.setTimeout/&lt;.notify(file:///var/folders/wv/kv98qhfj6v36b2h0fkf_l66w0000gn/T/anonymous1484829998119163467webdriver-profile/extensions/fxdriver@googlecode.com/components/command_processor.js:386)
</error>

      </testcase>

      <testcase classname="ProfileManagement.ChangePaymentInfo.VefiryChangePaymentInfoDetailsUpdatedSuccessfully" name="testVefiryChangePaymentInfoDetailsUpdatedSuccessfully" time="17.527" />

      <testcase classname="ProfileManagement.ChangePin.VerifyChangePinCodeDetailsUpdatedSuccessfully" name="testVerifyChangePinCodeDetailsUpdatedSuccessfully" time="53.052">
          <error message="Element is not currently visible and so may not be interacted with&#xa;Command duration or timeout: 30.09 seconds&#xa;Build info: version: &apos;2.32.0&apos;, revision: &apos;6c40c18&apos;, time: &apos;2013-04-09 17:22:56&apos;&#xa;System info: os.name: &apos;Mac OS X&apos;, os.arch: &apos;x86_64&apos;, os.version: &apos;10.7.5&apos;, java.version: &apos;1.6.0_45&apos;&#xa;Session ID: 93f38f0c-6e14-6a42-8a23-959ff3e2cb33&#xa;Driver info: org.openqa.selenium.firefox.FirefoxDriver&#xa;Capabilities [{platform=MAC, acceptSslCerts=true, javascriptEnabled=true, browserName=firefox, rotatable=false, locationContextEnabled=true, version=20.0, cssSelectorsEnabled=true, databaseEnabled=true, handlesAlerts=true, browserConnectionEnabled=true, nativeEvents=false, webStorageEnabled=true, applicationCacheEnabled=true, takesScreenshot=true}]" type="org.openqa.selenium.ElementNotVisibleException">org.openqa.selenium.ElementNotVisibleException: Element is not currently visible and so may not be interacted with
Command duration or timeout: 30.09 seconds
Build info: version: &apos;2.32.0&apos;, revision: &apos;6c40c18&apos;, time: &apos;2013-04-09 17:22:56&apos;
System info: os.name: &apos;Mac OS X&apos;, os.arch: &apos;x86_64&apos;, os.version: &apos;10.7.5&apos;, java.version: &apos;1.6.0_45&apos;
Session ID: 93f38f0c-6e14-6a42-8a23-959ff3e2cb33
Driver info: org.openqa.selenium.firefox.FirefoxDriver
Capabilities [{platform=MAC, acceptSslCerts=true, javascriptEnabled=true, browserName=firefox, rotatable=false, locationContextEnabled=true, version=20.0, cssSelectorsEnabled=true, databaseEnabled=true, handlesAlerts=true, browserConnectionEnabled=true, nativeEvents=false, webStorageEnabled=true, applicationCacheEnabled=true, takesScreenshot=true}]
	at java.lang.reflect.Constructor.newInstance(Constructor.java:513)
	at org.openqa.selenium.remote.ErrorHandler.createThrowable(ErrorHandler.java:187)
	at org.openqa.selenium.remote.ErrorHandler.throwIfResponseFailed(ErrorHandler.java:145)
	at org.openqa.selenium.remote.RemoteWebDriver.execute(RemoteWebDriver.java:554)
	at org.openqa.selenium.remote.RemoteWebElement.execute(RemoteWebElement.java:268)
	at org.openqa.selenium.remote.RemoteWebElement.clear(RemoteWebElement.java:113)
	at Core.UserRegistrationFunction.Common.UserRegistrationFunction.CCDetials(UserRegistrationFunction.java:14)
	at DataServices.UserRegistrationUsingComcast.UserRegistrationUsingComcast.testUserRegistrationUsingComcast(UserRegistrationUsingComcast.java:33)
	at ProfileManagement.ChangePin.VerifyChangePinCodeDetailsUpdatedSuccessfully.testVerifyChangePinCodeDetailsUpdatedSuccessfully(VerifyChangePinCodeDetailsUpdatedSuccessfully.java:18)
Caused by: org.openqa.selenium.remote.ErrorHandler$UnknownServerException: Element is not currently visible and so may not be interacted with
Build info: version: &apos;2.32.0&apos;, revision: &apos;6c40c18&apos;, time: &apos;2013-04-09 17:22:56&apos;
System info: os.name: &apos;Mac OS X&apos;, os.arch: &apos;x86_64&apos;, os.version: &apos;10.7.5&apos;, java.version: &apos;1.6.0_45&apos;
Driver info: driver.version: unknown
	at &lt;anonymous class&gt;.fxdriver.preconditions.visible(file:///var/folders/wv/kv98qhfj6v36b2h0fkf_l66w0000gn/T/anonymous3298608816627982431webdriver-profile/extensions/fxdriver@googlecode.com/components/command_processor.js:7682)
	at &lt;anonymous class&gt;.DelayedCommand.prototype.checkPreconditions_(file:///var/folders/wv/kv98qhfj6v36b2h0fkf_l66w0000gn/T/anonymous3298608816627982431webdriver-profile/extensions/fxdriver@googlecode.com/components/command_processor.js:10402)
	at &lt;anonymous class&gt;.DelayedCommand.prototype.executeInternal_/h(file:///var/folders/wv/kv98qhfj6v36b2h0fkf_l66w0000gn/T/anonymous3298608816627982431webdriver-profile/extensions/fxdriver@googlecode.com/components/command_processor.js:10421)
	at &lt;anonymous class&gt;.fxdriver.Timer.prototype.setTimeout/&lt;.notify(file:///var/folders/wv/kv98qhfj6v36b2h0fkf_l66w0000gn/T/anonymous3298608816627982431webdriver-profile/extensions/fxdriver@googlecode.com/components/command_processor.js:386)
</error>

      </testcase>

      <testcase classname="ProfileManagement.EditProfile.EditXidioAddressInProfileManagement" name="testEditXidioAddressInProfileManagement" time="8.399">
          <failure type="junit.framework.AssertionFailedError">junit.framework.AssertionFailedError
	at ProfileManagement.EditProfile.EditXidioAddressInProfileManagement.testEditXidioAddressInProfileManagement(EditXidioAddressInProfileManagement.java:26)
</failure>

      </testcase>

      <testcase classname="ProfileManagement.EditProfile.EditXidioCityInProfileManagement" name="testEditXidioCityInProfileManagement" time="9.128">
          <failure type="junit.framework.AssertionFailedError">junit.framework.AssertionFailedError
	at ProfileManagement.EditProfile.EditXidioCityInProfileManagement.testEditXidioCityInProfileManagement(EditXidioCityInProfileManagement.java:30)
</failure>

      </testcase>

      <testcase classname="ProfileManagement.EditProfile.EditXidioLastNameInProfileManagement" name="testEditXidioLastNameInProfileManagement" time="16.958">
          <failure message="expected:&lt;[X]idio&gt; but was:&lt;[x]idio&gt;" type="junit.framework.AssertionFailedError">junit.framework.AssertionFailedError: expected:&lt;[X]idio&gt; but was:&lt;[x]idio&gt;
	at ProfileManagement.EditProfile.EditXidioLastNameInProfileManagement.testEditXidioLastNameInProfileManagement(EditXidioLastNameInProfileManagement.java:35)
</failure>

      </testcase>

      <testcase classname="ProfileManagement.EditProfile.EditXidioStateInProfileManagement" name="testEditXidioStateInProfileManagement" time="13.175">
          <failure type="junit.framework.AssertionFailedError">junit.framework.AssertionFailedError
	at ProfileManagement.EditProfile.EditXidioStateInProfileManagement.testEditXidioStateInProfileManagement(EditXidioStateInProfileManagement.java:28)
</failure>

      </testcase>

      <testcase classname="ProfileManagement.EditProfile.EditXidioUserNameInProfileManagement" name="testEditXidioUserNameInProfileManagement" time="11.078" />

      <testcase classname="ProfileManagement.EditProfile.EditXidioZipInProfileManagement" name="testEditXidioZipInProfileManagement" time="10.775">
          <failure type="junit.framework.AssertionFailedError">junit.framework.AssertionFailedError
	at ProfileManagement.EditProfile.EditXidioZipInProfileManagement.testEditXidioZipInProfileManagement(EditXidioZipInProfileManagement.java:31)
</failure>

      </testcase>

      <testcase classname="ProfileManagement.EditProfile.ValidateUNameFieldByDeletingValueInPaymentManagement" name="testValidateUserNameFieldByDeletingValueInPM" time="9.116">
          <failure type="junit.framework.AssertionFailedError">junit.framework.AssertionFailedError
	at ProfileManagement.EditProfile.ValidateUNameFieldByDeletingValueInPaymentManagement.testValidateUserNameFieldByDeletingValueInPM(ValidateUNameFieldByDeletingValueInPaymentManagement.java:24)
</failure>

      </testcase>

      <testcase classname="UserAuthentication.ResettingPassword.ResetTheXidioPassword" name="testResetTheXidioPassword" time="8.105" />

      <testcase classname="UserAuthentication.ResettingPassword.ResetTheXidioPasswordWithWrongEmail" name="testResetTheXidioPasswordWithWrongEmail" time="7.796" />

      <testcase classname="UserAuthentication.ResettingPassword.ResetXidioPasswordWithoutProvidingEmailID" name="testResetXidioPasswordWithoutProvidingEmailID" time="7.415" />

      <testcase classname="UserAuthentication.UserLogin.ValidateUserLoginUsingInValidCredentials.LoginToXidioApplicationUsingInValidPassword" name="testLoginToXidioApplicationUsingInValidPassword" time="8.394" />

      <testcase classname="UserAuthentication.UserLogin.ValidateUserLoginUsingInValidCredentials.LoginToXidioApplicationUsingInValidUserName" name="testLoginToXidioApplicationUsingInValidUName" time="6.238" />

      <testcase classname="UserAuthentication.UserLogin.ValidateUserLoginUsingValidCredentials.LoginToXidioApplicationWithValidCredentials" name="testLoginToCamcast" time="8.484" />

      <testcase classname="VideoManagement.VideoSearchFunctionality.FeedBack.VerifyFeedbackSubmitedSuccessfully" name="testVerifyFeedbackSubmitedSuccessfully" time="35.75">
          <error message="Unable to locate element: {&quot;method&quot;:&quot;name&quot;,&quot;selector&quot;:&quot;old_password&quot;}&#xa;Command duration or timeout: 30.03 seconds&#xa;For documentation on this error, please visit: http://seleniumhq.org/exceptions/no_such_element.html&#xa;Build info: version: &apos;2.32.0&apos;, revision: &apos;6c40c18&apos;, time: &apos;2013-04-09 17:22:56&apos;&#xa;System info: os.name: &apos;Mac OS X&apos;, os.arch: &apos;x86_64&apos;, os.version: &apos;10.7.5&apos;, java.version: &apos;1.6.0_45&apos;&#xa;Session ID: 841348b2-a0ae-3e4d-8a88-7e90ec26d39f&#xa;Driver info: org.openqa.selenium.firefox.FirefoxDriver&#xa;Capabilities [{platform=MAC, acceptSslCerts=true, javascriptEnabled=true, browserName=firefox, rotatable=false, locationContextEnabled=true, version=20.0, cssSelectorsEnabled=true, databaseEnabled=true, handlesAlerts=true, browserConnectionEnabled=true, nativeEvents=false, webStorageEnabled=true, applicationCacheEnabled=true, takesScreenshot=true}]" type="org.openqa.selenium.NoSuchElementException">org.openqa.selenium.NoSuchElementException: Unable to locate element: {&quot;method&quot;:&quot;name&quot;,&quot;selector&quot;:&quot;old_password&quot;}
Command duration or timeout: 30.03 seconds
For documentation on this error, please visit: http://seleniumhq.org/exceptions/no_such_element.html
Build info: version: &apos;2.32.0&apos;, revision: &apos;6c40c18&apos;, time: &apos;2013-04-09 17:22:56&apos;
System info: os.name: &apos;Mac OS X&apos;, os.arch: &apos;x86_64&apos;, os.version: &apos;10.7.5&apos;, java.version: &apos;1.6.0_45&apos;
Session ID: 841348b2-a0ae-3e4d-8a88-7e90ec26d39f
Driver info: org.openqa.selenium.firefox.FirefoxDriver
Capabilities [{platform=MAC, acceptSslCerts=true, javascriptEnabled=true, browserName=firefox, rotatable=false, locationContextEnabled=true, version=20.0, cssSelectorsEnabled=true, databaseEnabled=true, handlesAlerts=true, browserConnectionEnabled=true, nativeEvents=false, webStorageEnabled=true, applicationCacheEnabled=true, takesScreenshot=true}]
	at java.lang.reflect.Constructor.newInstance(Constructor.java:513)
	at org.openqa.selenium.remote.ErrorHandler.createThrowable(ErrorHandler.java:187)
	at org.openqa.selenium.remote.ErrorHandler.throwIfResponseFailed(ErrorHandler.java:145)
	at org.openqa.selenium.remote.RemoteWebDriver.execute(RemoteWebDriver.java:554)
	at org.openqa.selenium.remote.RemoteWebDriver.findElement(RemoteWebDriver.java:307)
	at org.openqa.selenium.remote.RemoteWebDriver.findElementByName(RemoteWebDriver.java:380)
	at org.openqa.selenium.By$ByName.findElement(By.java:292)
	at org.openqa.selenium.remote.RemoteWebDriver.findElement(RemoteWebDriver.java:299)
	at VideoManagement.VideoSearchFunctionality.FeedBack.VerifyFeedbackSubmitedSuccessfully.testVerifyFeedbackSubmitedSuccessfully(VerifyFeedbackSubmitedSuccessfully.java:23)
Caused by: org.openqa.selenium.remote.ErrorHandler$UnknownServerException: Unable to locate element: {&quot;method&quot;:&quot;name&quot;,&quot;selector&quot;:&quot;old_password&quot;}
Build info: version: &apos;2.32.0&apos;, revision: &apos;6c40c18&apos;, time: &apos;2013-04-09 17:22:56&apos;
System info: os.name: &apos;Mac OS X&apos;, os.arch: &apos;x86_64&apos;, os.version: &apos;10.7.5&apos;, java.version: &apos;1.6.0_45&apos;
Driver info: driver.version: unknown
	at &lt;anonymous class&gt;.FirefoxDriver.prototype.findElementInternal_(file:///var/folders/wv/kv98qhfj6v36b2h0fkf_l66w0000gn/T/anonymous2191770659540168071webdriver-profile/extensions/fxdriver@googlecode.com/components/driver_component.js:8405)
	at &lt;anonymous class&gt;.fxdriver.Timer.prototype.setTimeout/&lt;.notify(file:///var/folders/wv/kv98qhfj6v36b2h0fkf_l66w0000gn/T/anonymous2191770659540168071webdriver-profile/extensions/fxdriver@googlecode.com/components/driver_component.js:386)
</error>

      </testcase>

      <testcase classname="VideoManagement.VideoSearchFunctionality.SearchVideoByCategory.EnsureSearchChannelStoreIsWorkingFine" name="testEnsureSearchChannelStoreIsWorkingFine" time="13.42" />

      <testcase classname="VideoManagement.VideoSearchFunctionality.SearchVideoByCategory.VerifySelectedCategoryAndSubCategoryVideosAreDisplayed" name="testVerifySelectedCategoryAndSubCategoryVideosAreDisplayed" time="43.595">
          <error message="Unable to locate element: {&quot;method&quot;:&quot;link text&quot;,&quot;selector&quot;:&quot;Indie&quot;}&#xa;Command duration or timeout: 33.91 seconds&#xa;For documentation on this error, please visit: http://seleniumhq.org/exceptions/no_such_element.html&#xa;Build info: version: &apos;2.32.0&apos;, revision: &apos;6c40c18&apos;, time: &apos;2013-04-09 17:22:56&apos;&#xa;System info: os.name: &apos;Mac OS X&apos;, os.arch: &apos;x86_64&apos;, os.version: &apos;10.7.5&apos;, java.version: &apos;1.6.0_45&apos;&#xa;Session ID: fe57d544-8c49-de47-b8fd-878db2dc2144&#xa;Driver info: org.openqa.selenium.firefox.FirefoxDriver&#xa;Capabilities [{platform=MAC, acceptSslCerts=true, javascriptEnabled=true, browserName=firefox, rotatable=false, locationContextEnabled=true, version=20.0, cssSelectorsEnabled=true, databaseEnabled=true, handlesAlerts=true, browserConnectionEnabled=true, nativeEvents=false, webStorageEnabled=true, applicationCacheEnabled=true, takesScreenshot=true}]" type="org.openqa.selenium.NoSuchElementException">org.openqa.selenium.NoSuchElementException: Unable to locate element: {&quot;method&quot;:&quot;link text&quot;,&quot;selector&quot;:&quot;Indie&quot;}
Command duration or timeout: 33.91 seconds
For documentation on this error, please visit: http://seleniumhq.org/exceptions/no_such_element.html
Build info: version: &apos;2.32.0&apos;, revision: &apos;6c40c18&apos;, time: &apos;2013-04-09 17:22:56&apos;
System info: os.name: &apos;Mac OS X&apos;, os.arch: &apos;x86_64&apos;, os.version: &apos;10.7.5&apos;, java.version: &apos;1.6.0_45&apos;
Session ID: fe57d544-8c49-de47-b8fd-878db2dc2144
Driver info: org.openqa.selenium.firefox.FirefoxDriver
Capabilities [{platform=MAC, acceptSslCerts=true, javascriptEnabled=true, browserName=firefox, rotatable=false, locationContextEnabled=true, version=20.0, cssSelectorsEnabled=true, databaseEnabled=true, handlesAlerts=true, browserConnectionEnabled=true, nativeEvents=false, webStorageEnabled=true, applicationCacheEnabled=true, takesScreenshot=true}]
	at java.lang.reflect.Constructor.newInstance(Constructor.java:513)
	at org.openqa.selenium.remote.ErrorHandler.createThrowable(ErrorHandler.java:187)
	at org.openqa.selenium.remote.ErrorHandler.throwIfResponseFailed(ErrorHandler.java:145)
	at org.openqa.selenium.remote.RemoteWebDriver.execute(RemoteWebDriver.java:554)
	at org.openqa.selenium.remote.RemoteWebDriver.findElement(RemoteWebDriver.java:307)
	at org.openqa.selenium.remote.RemoteWebDriver.findElementByLinkText(RemoteWebDriver.java:356)
	at org.openqa.selenium.By$ByLinkText.findElement(By.java:241)
	at org.openqa.selenium.remote.RemoteWebDriver.findElement(RemoteWebDriver.java:299)
	at VideoManagement.VideoSearchFunctionality.SearchVideoByCategory.VerifySelectedCategoryAndSubCategoryVideosAreDisplayed.testVerifySelectedCategoryAndSubCategoryVideosAreDisplayed(VerifySelectedCategoryAndSubCategoryVideosAreDisplayed.java:24)
Caused by: org.openqa.selenium.remote.ErrorHandler$UnknownServerException: Unable to locate element: {&quot;method&quot;:&quot;link text&quot;,&quot;selector&quot;:&quot;Indie&quot;}
Build info: version: &apos;2.32.0&apos;, revision: &apos;6c40c18&apos;, time: &apos;2013-04-09 17:22:56&apos;
System info: os.name: &apos;Mac OS X&apos;, os.arch: &apos;x86_64&apos;, os.version: &apos;10.7.5&apos;, java.version: &apos;1.6.0_45&apos;
Driver info: driver.version: unknown
	at &lt;anonymous class&gt;.FirefoxDriver.prototype.findElementInternal_(file:///var/folders/wv/kv98qhfj6v36b2h0fkf_l66w0000gn/T/anonymous4808736804855554355webdriver-profile/extensions/fxdriver@googlecode.com/components/driver_component.js:8405)
	at &lt;anonymous class&gt;.fxdriver.Timer.prototype.setTimeout/&lt;.notify(file:///var/folders/wv/kv98qhfj6v36b2h0fkf_l66w0000gn/T/anonymous4808736804855554355webdriver-profile/extensions/fxdriver@googlecode.com/components/driver_component.js:386)
</error>

      </testcase>

      <testcase classname="VideoManagement.VideoSearchFunctionality.SearchVideoByCategory.VerifySubcriptionOfPaidVideo" name="testVerifySubcriptionOfPaidVideo" time="14.317">
          <failure type="junit.framework.AssertionFailedError">junit.framework.AssertionFailedError
	at VideoManagement.VideoSearchFunctionality.SearchVideoByCategory.VerifySubcriptionOfPaidVideo.testVerifySubcriptionOfPaidVideo(VerifySubcriptionOfPaidVideo.java:26)
</failure>

      </testcase>

      <system-out><![CDATA[]]></system-out>

      <system-err><![CDATA[]]></system-err>

  </testsuite>
</testsuites>
